<?xml version="1.0" encoding="utf-8"?>
<TestRun id="9818d700-1197-4303-80c9-e98f3932cc7c" name="@919876c5730f 2026-09-23 09:39:41" xmlns="http://microsoft.com/schemas/VisualStudio/TeamTest/2010">
  <Times creation="2026-09-23T09:39:41.1887923+00:00" queuing="2026-09-23T09:39:41.1887924+00:00" start="2026-09-23T09:39:41.0906065+00:00" finish="2026-09-23T09:39:41.1891544+00:00" />
  <TestSettings name="default" id="479a1158-845e-4c1a-b39c-84a19cc7aa56">
    <Deployment runDeploymentRoot="_919876c5730f_2026-09-23_09_39_41" />
  </TestSettings>
  <TestLists>
    <TestList name="Results Not in a List" id="8c84fa94-04c1-424b-9868-57a2d4851a1d" />
    <TestList name="All Loaded Results" id="19431567-8539-422a-85d7-44ee4e166bda" />
  </TestLists>
  <ResultSummary outcome="Failed">
    <Counters total="0" executed="0" passed="0" failed="0" error="0" timeout="0" aborted="0" inconclusive="0" passedButRunAborted="0" notRunnable="0" notExecuted="0" disconnected="0" warning="0" completed="0" inProgress="0" pending="0" />
    <Output>
      <StdOut>You must install or update .NET to run this application.
App: /modernize-data/studio-data/TNT1001/APP168835/transformed-code/132/studio-workspace/Backend Services/Code/DBProject/bin/Debug/net8.0/testhost.dll
Architecture: x64
Framework: 'Microsoft.NETCore.App', version '8.0.0' (x64)
.NET location: /app/.dotnet/
The following frameworks were found:
  9.0.18 at [/app/.dotnet/shared/Microsoft.NETCore.App]
Learn more:
https://aka.ms/dotnet/app-launch-failed
To install missing framework, download:
https://aka.ms/dotnet-core-applaunch?framework=Microsoft.NETCore.App&amp;framework_version=8.0.0&amp;arch=x64&amp;rid=linux-x64&amp;os=azurelinux.3.0
</StdOut>
    </Output>
    <RunInfos>
      <RunInfo computerName="919876c5730f" outcome="Error" timestamp="2026-09-23T09:39:41.1580546+00:00">
        <Text>Testhost process for source(s) '/modernize-data/studio-data/TNT1001/APP168835/transformed-code/132/studio-workspace/Backend Services/Code/DBProject/bin/Debug/net8.0/ClinicManagementSystem.Web.dll' exited with error: You must install or update .NET to run this application.
App: /modernize-data/studio-data/TNT1001/APP168835/transformed-code/132/studio-workspace/Backend Services/Code/DBProject/bin/Debug/net8.0/testhost.dll
Architecture: x64
Framework: 'Microsoft.NETCore.App', version '8.0.0' (x64)
.NET location: /app/.dotnet/
The following frameworks were found:
  9.0.18 at [/app/.dotnet/shared/Microsoft.NETCore.App]
Learn more:
https://aka.ms/dotnet/app-launch-failed
To install missing framework, download:
https://aka.ms/dotnet-core-applaunch?framework=Microsoft.NETCore.App&amp;framework_version=8.0.0&amp;arch=x64&amp;rid=linux-x64&amp;os=azurelinux.3.0
. Please check the diagnostic logs for more information.</Text>
      </RunInfo>
    </RunInfos>
  </ResultSummary>
</TestRun>