SF:/modernize-data/studio-data/TNT1001/APP846949/transformed-code/149/studio-workspace/CareTrack/src/CareTrack.Infrastructure/Repositories/AppointmentRepository.cs
FN:16,System.Void CareTrack.Infrastructure.Repositories.AppointmentRepository::.ctor(CareTrack.Infrastructure.Data.CareTrackDbContext,Microsoft.Extensions.Logging.ILogger`1<CareTrack.Infrastructure.Repositories.AppointmentRepository>)
FNDA:0,System.Void CareTrack.Infrastructure.Repositories.AppointmentRepository::.ctor(CareTrack.Infrastructure.Data.CareTrackDbContext,Microsoft.Extensions.Logging.ILogger`1<CareTrack.Infrastructure.Repositories.AppointmentRepository>)
DA:17,0
DA:18,0
DA:19,0
DA:20,0
DA:21,0
FN:224,System.Void CareTrack.Infrastructure.Repositories.AppointmentRepository/<AddAsync>d__14::MoveNext()
FNDA:0,System.Void CareTrack.Infrastructure.Repositories.AppointmentRepository/<AddAsync>d__14::MoveNext()
DA:225,0
DA:226,0
DA:227,0
DA:228,0
DA:229,0
FN:237,System.Void CareTrack.Infrastructure.Repositories.AppointmentRepository/<DeleteAsync>d__16::MoveNext()
FNDA:0,System.Void CareTrack.Infrastructure.Repositories.AppointmentRepository/<DeleteAsync>d__16::MoveNext()
DA:238,0
DA:239,0
DA:240,0
DA:241,0
DA:242,0
DA:243,0
DA:244,0
DA:245,0
BRDA:240,203,0,0
BRDA:240,203,1,0
FN:136,System.Void CareTrack.Infrastructure.Repositories.AppointmentRepository/<GetBillHistoryByPatientIdAsync>d__9::MoveNext()
FNDA:0,System.Void CareTrack.Infrastructure.Repositories.AppointmentRepository/<GetBillHistoryByPatientIdAsync>d__9::MoveNext()
DA:137,0
DA:139,0
DA:140,0
DA:141,0
DA:142,0
DA:143,0
DA:144,0
DA:145,0
DA:147,0
DA:148,0
DA:149,0
DA:150,0
DA:152,0
FN:206,System.Void CareTrack.Infrastructure.Repositories.AppointmentRepository/<GetBillableByDoctorIdAsync>d__13::MoveNext()
FNDA:0,System.Void CareTrack.Infrastructure.Repositories.AppointmentRepository/<GetBillableByDoctorIdAsync>d__13::MoveNext()
DA:207,0
DA:209,0
DA:210,0
DA:211,0
DA:212,0
DA:213,0
DA:214,0
DA:215,0
DA:217,0
DA:218,0
DA:219,0
DA:220,0
DA:222,0
FN:57,System.Void CareTrack.Infrastructure.Repositories.AppointmentRepository/<GetByDoctorIdAsync>d__5::MoveNext()
FNDA:0,System.Void CareTrack.Infrastructure.Repositories.AppointmentRepository/<GetByDoctorIdAsync>d__5::MoveNext()
DA:58,0
DA:60,0
DA:61,0
DA:62,0
DA:63,0
DA:64,0
DA:65,0
DA:66,0
DA:68,0
DA:69,0
DA:70,0
DA:71,0
DA:73,0
FN:23,System.Void CareTrack.Infrastructure.Repositories.AppointmentRepository/<GetByIdAsync>d__3::MoveNext()
FNDA:0,System.Void CareTrack.Infrastructure.Repositories.AppointmentRepository/<GetByIdAsync>d__3::MoveNext()
DA:24,0
DA:26,0
DA:27,0
DA:28,0
DA:29,0
DA:30,0
DA:32,0
DA:33,0
DA:34,0
DA:35,0
DA:37,0
FN:39,System.Void CareTrack.Infrastructure.Repositories.AppointmentRepository/<GetByPatientIdAsync>d__4::MoveNext()
FNDA:0,System.Void CareTrack.Infrastructure.Repositories.AppointmentRepository/<GetByPatientIdAsync>d__4::MoveNext()
DA:40,0
DA:42,0
DA:43,0
DA:44,0
DA:45,0
DA:46,0
DA:47,0
DA:48,0
DA:50,0
DA:51,0
DA:52,0
DA:53,0
DA:55,0
FN:115,System.Void CareTrack.Infrastructure.Repositories.AppointmentRepository/<GetCurrentByPatientIdAsync>d__8::MoveNext()
FNDA:0,System.Void CareTrack.Infrastructure.Repositories.AppointmentRepository/<GetCurrentByPatientIdAsync>d__8::MoveNext()
DA:116,0
DA:118,0
DA:119,0
DA:120,0
DA:121,0
DA:122,0
DA:123,0
DA:124,0
DA:125,0
DA:126,0
DA:127,0
DA:129,0
DA:130,0
DA:131,0
DA:132,0
DA:134,0
FN:247,System.Void CareTrack.Infrastructure.Repositories.AppointmentRepository/<GetFreeSlotsByDoctorAndPatientAsync>d__17::MoveNext()
FNDA:0,System.Void CareTrack.Infrastructure.Repositories.AppointmentRepository/<GetFreeSlotsByDoctorAndPatientAsync>d__17::MoveNext()
DA:248,0
DA:250,0
DA:252,0
DA:253,0
DA:254,0
DA:255,0
DA:256,0
DA:257,0
DA:258,0
DA:259,0
DA:260,0
DA:261,0
DA:263,0
DA:264,0
DA:265,0
DA:266,0
DA:268,0
FN:189,System.Void CareTrack.Infrastructure.Repositories.AppointmentRepository/<GetNotificationByPatientIdAsync>d__12::MoveNext()
FNDA:0,System.Void CareTrack.Infrastructure.Repositories.AppointmentRepository/<GetNotificationByPatientIdAsync>d__12::MoveNext()
DA:190,0
DA:192,0
DA:193,0
DA:194,0
DA:195,0
DA:196,0
DA:197,0
DA:199,0
DA:200,0
DA:201,0
DA:202,0
DA:204,0
FN:75,System.Void CareTrack.Infrastructure.Repositories.AppointmentRepository/<GetPendingByDoctorIdAsync>d__6::MoveNext()
FNDA:0,System.Void CareTrack.Infrastructure.Repositories.AppointmentRepository/<GetPendingByDoctorIdAsync>d__6::MoveNext()
DA:76,0
DA:78,0
DA:79,0
DA:80,0
DA:81,0
DA:82,0
DA:83,0
DA:84,0
DA:86,0
DA:87,0
DA:88,0
DA:89,0
DA:91,0
FN:172,System.Void CareTrack.Infrastructure.Repositories.AppointmentRepository/<GetPendingFeedbackByPatientIdAsync>d__11::MoveNext()
FNDA:0,System.Void CareTrack.Infrastructure.Repositories.AppointmentRepository/<GetPendingFeedbackByPatientIdAsync>d__11::MoveNext()
DA:173,0
DA:175,0
DA:176,0
DA:177,0
DA:178,0
DA:179,0
DA:180,0
DA:182,0
DA:183,0
DA:184,0
DA:185,0
DA:187,0
FN:93,System.Void CareTrack.Infrastructure.Repositories.AppointmentRepository/<GetTodaysByDoctorIdAsync>d__7::MoveNext()
FNDA:0,System.Void CareTrack.Infrastructure.Repositories.AppointmentRepository/<GetTodaysByDoctorIdAsync>d__7::MoveNext()
DA:94,0
DA:96,0
DA:97,0
DA:98,0
DA:99,0
DA:100,0
DA:101,0
DA:102,0
DA:103,0
DA:104,0
DA:105,0
DA:106,0
DA:108,0
DA:109,0
DA:110,0
DA:111,0
DA:113,0
FN:154,System.Void CareTrack.Infrastructure.Repositories.AppointmentRepository/<GetTreatmentHistoryByPatientIdAsync>d__10::MoveNext()
FNDA:0,System.Void CareTrack.Infrastructure.Repositories.AppointmentRepository/<GetTreatmentHistoryByPatientIdAsync>d__10::MoveNext()
DA:155,0
DA:157,0
DA:158,0
DA:159,0
DA:160,0
DA:161,0
DA:162,0
DA:163,0
DA:165,0
DA:166,0
DA:167,0
DA:168,0
DA:170,0
FN:231,System.Void CareTrack.Infrastructure.Repositories.AppointmentRepository/<UpdateAsync>d__15::MoveNext()
FNDA:0,System.Void CareTrack.Infrastructure.Repositories.AppointmentRepository/<UpdateAsync>d__15::MoveNext()
DA:232,0
DA:233,0
DA:234,0
DA:235,0
LF:185
LH:0
BRF:2
BRH:0
FNF:16
FNH:0
end_of_record
SF:/modernize-data/studio-data/TNT1001/APP846949/transformed-code/149/studio-workspace/CareTrack/src/CareTrack.Infrastructure/Repositories/AuthRepository.cs
FN:16,System.Void CareTrack.Infrastructure.Repositories.AuthRepository::.ctor(CareTrack.Infrastructure.Data.CareTrackDbContext,Microsoft.Extensions.Logging.ILogger`1<CareTrack.Infrastructure.Repositories.AuthRepository>)
FNDA:0,System.Void CareTrack.Infrastructure.Repositories.AuthRepository::.ctor(CareTrack.Infrastructure.Data.CareTrackDbContext,Microsoft.Extensions.Logging.ILogger`1<CareTrack.Infrastructure.Repositories.AuthRepository>)
DA:17,0
DA:18,0
DA:19,0
DA:20,0
DA:21,0
FN:38,System.Void CareTrack.Infrastructure.Repositories.AuthRepository/<CreateLoginAsync>d__4::MoveNext()
FNDA:0,System.Void CareTrack.Infrastructure.Repositories.AuthRepository/<CreateLoginAsync>d__4::MoveNext()
DA:39,0
DA:40,0
DA:41,0
DA:42,0
DA:43,0
FN:45,System.Void CareTrack.Infrastructure.Repositories.AuthRepository/<EmailExistsAsync>d__5::MoveNext()
FNDA:0,System.Void CareTrack.Infrastructure.Repositories.AuthRepository/<EmailExistsAsync>d__5::MoveNext()
DA:46,0
DA:47,0
DA:48,0
DA:49,0
DA:50,0
FN:52,System.Void CareTrack.Infrastructure.Repositories.AuthRepository/<GetByEmailAsync>d__6::MoveNext()
FNDA:0,System.Void CareTrack.Infrastructure.Repositories.AuthRepository/<GetByEmailAsync>d__6::MoveNext()
DA:53,0
DA:54,0
DA:55,0
DA:56,0
DA:57,0
FN:23,System.Void CareTrack.Infrastructure.Repositories.AuthRepository/<ValidateLoginAsync>d__3::MoveNext()
FNDA:0,System.Void CareTrack.Infrastructure.Repositories.AuthRepository/<ValidateLoginAsync>d__3::MoveNext()
DA:24,0
DA:26,0
DA:27,0
DA:28,0
DA:29,0
DA:31,0
DA:32,0
DA:33,0
DA:34,0
DA:36,0
LF:30
LH:0
BRF:0
BRH:0
FNF:5
FNH:0
end_of_record
SF:/modernize-data/studio-data/TNT1001/APP846949/transformed-code/149/studio-workspace/CareTrack/src/CareTrack.Infrastructure/Repositories/DepartmentRepository.cs
FN:16,System.Void CareTrack.Infrastructure.Repositories.DepartmentRepository::.ctor(CareTrack.Infrastructure.Data.CareTrackDbContext,Microsoft.Extensions.Logging.ILogger`1<CareTrack.Infrastructure.Repositories.DepartmentRepository>)
FNDA:0,System.Void CareTrack.Infrastructure.Repositories.DepartmentRepository::.ctor(CareTrack.Infrastructure.Data.CareTrackDbContext,Microsoft.Extensions.Logging.ILogger`1<CareTrack.Infrastructure.Repositories.DepartmentRepository>)
DA:17,0
DA:18,0
DA:19,0
DA:20,0
DA:21,0
FN:38,System.Void CareTrack.Infrastructure.Repositories.DepartmentRepository/<GetAllAsync>d__4::MoveNext()
FNDA:0,System.Void CareTrack.Infrastructure.Repositories.DepartmentRepository/<GetAllAsync>d__4::MoveNext()
DA:39,0
DA:41,0
DA:42,0
DA:43,0
DA:44,0
DA:45,0
DA:47,0
DA:48,0
DA:49,0
DA:50,0
DA:52,0
FN:23,System.Void CareTrack.Infrastructure.Repositories.DepartmentRepository/<GetByIdAsync>d__3::MoveNext()
FNDA:0,System.Void CareTrack.Infrastructure.Repositories.DepartmentRepository/<GetByIdAsync>d__3::MoveNext()
DA:24,0
DA:26,0
DA:27,0
DA:28,0
DA:29,0
DA:31,0
DA:32,0
DA:33,0
DA:34,0
DA:36,0
FN:54,System.Void CareTrack.Infrastructure.Repositories.DepartmentRepository/<GetByNameAsync>d__5::MoveNext()
FNDA:0,System.Void CareTrack.Infrastructure.Repositories.DepartmentRepository/<GetByNameAsync>d__5::MoveNext()
DA:55,0
DA:57,0
DA:58,0
DA:59,0
DA:60,0
DA:62,0
DA:63,0
DA:64,0
DA:65,0
DA:67,0
LF:36
LH:0
BRF:0
BRH:0
FNF:4
FNH:0
end_of_record
SF:/modernize-data/studio-data/TNT1001/APP846949/transformed-code/149/studio-workspace/CareTrack/src/CareTrack.Infrastructure/Repositories/DoctorRepository.cs
FN:16,System.Void CareTrack.Infrastructure.Repositories.DoctorRepository::.ctor(CareTrack.Infrastructure.Data.CareTrackDbContext,Microsoft.Extensions.Logging.ILogger`1<CareTrack.Infrastructure.Repositories.DoctorRepository>)
FNDA:0,System.Void CareTrack.Infrastructure.Repositories.DoctorRepository::.ctor(CareTrack.Infrastructure.Data.CareTrackDbContext,Microsoft.Extensions.Logging.ILogger`1<CareTrack.Infrastructure.Repositories.DoctorRepository>)
DA:17,0
DA:18,0
DA:19,0
DA:20,0
DA:21,0
FN:93,System.Void CareTrack.Infrastructure.Repositories.DoctorRepository/<AddAsync>d__7::MoveNext()
FNDA:0,System.Void CareTrack.Infrastructure.Repositories.DoctorRepository/<AddAsync>d__7::MoveNext()
DA:94,0
DA:95,0
DA:96,0
DA:97,0
DA:98,0
FN:106,System.Void CareTrack.Infrastructure.Repositories.DoctorRepository/<EmailExistsAsync>d__9::MoveNext()
FNDA:0,System.Void CareTrack.Infrastructure.Repositories.DoctorRepository/<EmailExistsAsync>d__9::MoveNext()
DA:107,0
DA:108,0
DA:109,0
DA:110,0
DA:111,0
FN:39,System.Void CareTrack.Infrastructure.Repositories.DoctorRepository/<GetAllActiveAsync>d__4::MoveNext()
FNDA:0,System.Void CareTrack.Infrastructure.Repositories.DoctorRepository/<GetAllActiveAsync>d__4::MoveNext()
DA:40,0
DA:42,0
DA:43,0
DA:44,0
DA:45,0
DA:46,0
DA:47,0
DA:48,0
DA:50,0
DA:51,0
DA:52,0
DA:53,0
DA:55,0
FN:75,System.Void CareTrack.Infrastructure.Repositories.DoctorRepository/<GetByDepartmentAsync>d__6::MoveNext()
FNDA:0,System.Void CareTrack.Infrastructure.Repositories.DoctorRepository/<GetByDepartmentAsync>d__6::MoveNext()
DA:76,0
DA:78,0
DA:79,0
DA:80,0
DA:81,0
DA:82,0
DA:83,0
DA:84,0
DA:86,0
DA:87,0
DA:88,0
DA:89,0
DA:91,0
FN:23,System.Void CareTrack.Infrastructure.Repositories.DoctorRepository/<GetByIdAsync>d__3::MoveNext()
FNDA:0,System.Void CareTrack.Infrastructure.Repositories.DoctorRepository/<GetByIdAsync>d__3::MoveNext()
DA:24,0
DA:26,0
DA:27,0
DA:28,0
DA:29,0
DA:30,0
DA:32,0
DA:33,0
DA:34,0
DA:35,0
DA:37,0
FN:57,System.Void CareTrack.Infrastructure.Repositories.DoctorRepository/<SearchAsync>d__5::MoveNext()
FNDA:0,System.Void CareTrack.Infrastructure.Repositories.DoctorRepository/<SearchAsync>d__5::MoveNext()
DA:58,0
DA:60,0
DA:61,0
DA:62,0
DA:63,0
DA:64,0
DA:65,0
DA:66,0
DA:68,0
DA:69,0
DA:70,0
DA:71,0
DA:73,0
FN:113,System.Void CareTrack.Infrastructure.Repositories.DoctorRepository/<SoftDeleteAsync>d__10::MoveNext()
FNDA:0,System.Void CareTrack.Infrastructure.Repositories.DoctorRepository/<SoftDeleteAsync>d__10::MoveNext()
DA:114,0
DA:116,0
DA:117,0
DA:118,0
DA:120,0
DA:121,0
DA:122,0
DA:124,0
DA:125,0
DA:126,0
DA:127,0
DA:129,0
BRDA:118,214,0,0
BRDA:118,214,1,0
FN:100,System.Void CareTrack.Infrastructure.Repositories.DoctorRepository/<UpdateAsync>d__8::MoveNext()
FNDA:0,System.Void CareTrack.Infrastructure.Repositories.DoctorRepository/<UpdateAsync>d__8::MoveNext()
DA:101,0
DA:102,0
DA:103,0
DA:104,0
LF:81
LH:0
BRF:2
BRH:0
FNF:9
FNH:0
end_of_record
SF:/modernize-data/studio-data/TNT1001/APP846949/transformed-code/149/studio-workspace/CareTrack/src/CareTrack.Infrastructure/Repositories/PatientRepository.cs
FN:16,System.Void CareTrack.Infrastructure.Repositories.PatientRepository::.ctor(CareTrack.Infrastructure.Data.CareTrackDbContext,Microsoft.Extensions.Logging.ILogger`1<CareTrack.Infrastructure.Repositories.PatientRepository>)
FNDA:0,System.Void CareTrack.Infrastructure.Repositories.PatientRepository::.ctor(CareTrack.Infrastructure.Data.CareTrackDbContext,Microsoft.Extensions.Logging.ILogger`1<CareTrack.Infrastructure.Repositories.PatientRepository>)
DA:17,0
DA:18,0
DA:19,0
DA:20,0
DA:21,0
FN:71,System.Void CareTrack.Infrastructure.Repositories.PatientRepository/<AddAsync>d__6::MoveNext()
FNDA:0,System.Void CareTrack.Infrastructure.Repositories.PatientRepository/<AddAsync>d__6::MoveNext()
DA:72,0
DA:73,0
DA:74,0
DA:75,0
DA:76,0
FN:84,System.Void CareTrack.Infrastructure.Repositories.PatientRepository/<ExistsAsync>d__8::MoveNext()
FNDA:0,System.Void CareTrack.Infrastructure.Repositories.PatientRepository/<ExistsAsync>d__8::MoveNext()
DA:85,0
DA:86,0
DA:87,0
DA:88,0
DA:89,0
FN:38,System.Void CareTrack.Infrastructure.Repositories.PatientRepository/<GetAllAsync>d__4::MoveNext()
FNDA:0,System.Void CareTrack.Infrastructure.Repositories.PatientRepository/<GetAllAsync>d__4::MoveNext()
DA:39,0
DA:41,0
DA:42,0
DA:43,0
DA:44,0
DA:45,0
DA:47,0
DA:48,0
DA:49,0
DA:50,0
DA:52,0
FN:23,System.Void CareTrack.Infrastructure.Repositories.PatientRepository/<GetByIdAsync>d__3::MoveNext()
FNDA:0,System.Void CareTrack.Infrastructure.Repositories.PatientRepository/<GetByIdAsync>d__3::MoveNext()
DA:24,0
DA:26,0
DA:27,0
DA:28,0
DA:29,0
DA:31,0
DA:32,0
DA:33,0
DA:34,0
DA:36,0
FN:54,System.Void CareTrack.Infrastructure.Repositories.PatientRepository/<SearchAsync>d__5::MoveNext()
FNDA:0,System.Void CareTrack.Infrastructure.Repositories.PatientRepository/<SearchAsync>d__5::MoveNext()
DA:55,0
DA:57,0
DA:58,0
DA:59,0
DA:60,0
DA:61,0
DA:62,0
DA:64,0
DA:65,0
DA:66,0
DA:67,0
DA:69,0
FN:78,System.Void CareTrack.Infrastructure.Repositories.PatientRepository/<UpdateAsync>d__7::MoveNext()
FNDA:0,System.Void CareTrack.Infrastructure.Repositories.PatientRepository/<UpdateAsync>d__7::MoveNext()
DA:79,0
DA:80,0
DA:81,0
DA:82,0
LF:52
LH:0
BRF:0
BRH:0
FNF:7
FNH:0
end_of_record
SF:/modernize-data/studio-data/TNT1001/APP846949/transformed-code/149/studio-workspace/CareTrack/src/CareTrack.Infrastructure/Repositories/StaffRepository.cs
FN:16,System.Void CareTrack.Infrastructure.Repositories.StaffRepository::.ctor(CareTrack.Infrastructure.Data.CareTrackDbContext,Microsoft.Extensions.Logging.ILogger`1<CareTrack.Infrastructure.Repositories.StaffRepository>)
FNDA:0,System.Void CareTrack.Infrastructure.Repositories.StaffRepository::.ctor(CareTrack.Infrastructure.Data.CareTrackDbContext,Microsoft.Extensions.Logging.ILogger`1<CareTrack.Infrastructure.Repositories.StaffRepository>)
DA:17,0
DA:18,0
DA:19,0
DA:20,0
DA:21,0
FN:71,System.Void CareTrack.Infrastructure.Repositories.StaffRepository/<AddAsync>d__6::MoveNext()
FNDA:0,System.Void CareTrack.Infrastructure.Repositories.StaffRepository/<AddAsync>d__6::MoveNext()
DA:72,0
DA:73,0
DA:74,0
DA:75,0
DA:76,0
FN:84,System.Void CareTrack.Infrastructure.Repositories.StaffRepository/<DeleteAsync>d__8::MoveNext()
FNDA:0,System.Void CareTrack.Infrastructure.Repositories.StaffRepository/<DeleteAsync>d__8::MoveNext()
DA:85,0
DA:86,0
DA:87,0
DA:88,0
DA:89,0
DA:90,0
DA:91,0
DA:92,0
BRDA:87,203,0,0
BRDA:87,203,1,0
FN:38,System.Void CareTrack.Infrastructure.Repositories.StaffRepository/<GetAllAsync>d__4::MoveNext()
FNDA:0,System.Void CareTrack.Infrastructure.Repositories.StaffRepository/<GetAllAsync>d__4::MoveNext()
DA:39,0
DA:41,0
DA:42,0
DA:43,0
DA:44,0
DA:45,0
DA:47,0
DA:48,0
DA:49,0
DA:50,0
DA:52,0
FN:23,System.Void CareTrack.Infrastructure.Repositories.StaffRepository/<GetByIdAsync>d__3::MoveNext()
FNDA:0,System.Void CareTrack.Infrastructure.Repositories.StaffRepository/<GetByIdAsync>d__3::MoveNext()
DA:24,0
DA:26,0
DA:27,0
DA:28,0
DA:29,0
DA:31,0
DA:32,0
DA:33,0
DA:34,0
DA:36,0
FN:54,System.Void CareTrack.Infrastructure.Repositories.StaffRepository/<SearchAsync>d__5::MoveNext()
FNDA:0,System.Void CareTrack.Infrastructure.Repositories.StaffRepository/<SearchAsync>d__5::MoveNext()
DA:55,0
DA:57,0
DA:58,0
DA:59,0
DA:60,0
DA:61,0
DA:62,0
DA:64,0
DA:65,0
DA:66,0
DA:67,0
DA:69,0
FN:78,System.Void CareTrack.Infrastructure.Repositories.StaffRepository/<UpdateAsync>d__7::MoveNext()
FNDA:0,System.Void CareTrack.Infrastructure.Repositories.StaffRepository/<UpdateAsync>d__7::MoveNext()
DA:79,0
DA:80,0
DA:81,0
DA:82,0
LF:55
LH:0
BRF:2
BRH:0
FNF:7
FNH:0
end_of_record
SF:/modernize-data/studio-data/TNT1001/APP846949/transformed-code/149/studio-workspace/CareTrack/src/CareTrack.Infrastructure/Extensions/ServiceCollectionExtensions.cs
FN:19,Microsoft.Extensions.DependencyInjection.IServiceCollection CareTrack.Infrastructure.Extensions.ServiceCollectionExtensions::AddInfrastructureServices(Microsoft.Extensions.DependencyInjection.IServiceCollection,System.String)
FNDA:0,Microsoft.Extensions.DependencyInjection.IServiceCollection CareTrack.Infrastructure.Extensions.ServiceCollectionExtensions::AddInfrastructureServices(Microsoft.Extensions.DependencyInjection.IServiceCollection,System.String)
DA:20,0
DA:22,0
DA:23,0
DA:24,0
DA:25,0
DA:26,0
DA:27,0
DA:28,0
DA:29,0
DA:30,0
DA:31,0
DA:32,0
DA:33,0
DA:36,0
DA:37,0
DA:38,0
DA:39,0
DA:40,0
DA:41,0
DA:43,0
DA:44,0
LF:21
LH:0
BRF:0
BRH:0
FNF:1
FNH:0
end_of_record
SF:/modernize-data/studio-data/TNT1001/APP846949/transformed-code/149/studio-workspace/CareTrack/src/CareTrack.Infrastructure/Data/CareTrackDbContext.cs
FN:15,Microsoft.EntityFrameworkCore.DbSet`1<CareTrack.Domain.Entities.LoginTable> CareTrack.Infrastructure.Data.CareTrackDbContext::get_LoginTable()
FNDA:0,Microsoft.EntityFrameworkCore.DbSet`1<CareTrack.Domain.Entities.LoginTable> CareTrack.Infrastructure.Data.CareTrackDbContext::get_LoginTable()
DA:16,0
FN:16,Microsoft.EntityFrameworkCore.DbSet`1<CareTrack.Domain.Entities.Patient> CareTrack.Infrastructure.Data.CareTrackDbContext::get_Patients()
FNDA:0,Microsoft.EntityFrameworkCore.DbSet`1<CareTrack.Domain.Entities.Patient> CareTrack.Infrastructure.Data.CareTrackDbContext::get_Patients()
DA:17,0
FN:17,Microsoft.EntityFrameworkCore.DbSet`1<CareTrack.Domain.Entities.Doctor> CareTrack.Infrastructure.Data.CareTrackDbContext::get_Doctors()
FNDA:0,Microsoft.EntityFrameworkCore.DbSet`1<CareTrack.Domain.Entities.Doctor> CareTrack.Infrastructure.Data.CareTrackDbContext::get_Doctors()
DA:18,0
FN:18,Microsoft.EntityFrameworkCore.DbSet`1<CareTrack.Domain.Entities.Department> CareTrack.Infrastructure.Data.CareTrackDbContext::get_Departments()
FNDA:0,Microsoft.EntityFrameworkCore.DbSet`1<CareTrack.Domain.Entities.Department> CareTrack.Infrastructure.Data.CareTrackDbContext::get_Departments()
DA:19,0
FN:19,Microsoft.EntityFrameworkCore.DbSet`1<CareTrack.Domain.Entities.OtherStaff> CareTrack.Infrastructure.Data.CareTrackDbContext::get_OtherStaff()
FNDA:0,Microsoft.EntityFrameworkCore.DbSet`1<CareTrack.Domain.Entities.OtherStaff> CareTrack.Infrastructure.Data.CareTrackDbContext::get_OtherStaff()
DA:20,0
FN:20,Microsoft.EntityFrameworkCore.DbSet`1<CareTrack.Domain.Entities.Appointment> CareTrack.Infrastructure.Data.CareTrackDbContext::get_Appointments()
FNDA:0,Microsoft.EntityFrameworkCore.DbSet`1<CareTrack.Domain.Entities.Appointment> CareTrack.Infrastructure.Data.CareTrackDbContext::get_Appointments()
DA:21,0
FN:23,System.Void CareTrack.Infrastructure.Data.CareTrackDbContext::OnModelCreating(Microsoft.EntityFrameworkCore.ModelBuilder)
FNDA:0,System.Void CareTrack.Infrastructure.Data.CareTrackDbContext::OnModelCreating(Microsoft.EntityFrameworkCore.ModelBuilder)
DA:24,0
DA:25,0
DA:28,0
DA:31,0
DA:34,0
DA:35,0
FN:11,System.Void CareTrack.Infrastructure.Data.CareTrackDbContext::.ctor(Microsoft.EntityFrameworkCore.DbContextOptions`1<CareTrack.Infrastructure.Data.CareTrackDbContext>)
FNDA:0,System.Void CareTrack.Infrastructure.Data.CareTrackDbContext::.ctor(Microsoft.EntityFrameworkCore.DbContextOptions`1<CareTrack.Infrastructure.Data.CareTrackDbContext>)
DA:12,0
DA:13,0
DA:14,0
LF:15
LH:0
BRF:0
BRH:0
FNF:8
FNH:0
end_of_record
SF:/modernize-data/studio-data/TNT1001/APP846949/transformed-code/149/studio-workspace/CareTrack/src/CareTrack.Infrastructure/Data/Configurations/EntityConfigurations.cs
FN:13,System.Void CareTrack.Infrastructure.Data.Configurations.LoginTableConfiguration::Configure(Microsoft.EntityFrameworkCore.Metadata.Builders.EntityTypeBuilder`1<CareTrack.Domain.Entities.LoginTable>)
FNDA:0,System.Void CareTrack.Infrastructure.Data.Configurations.LoginTableConfiguration::Configure(Microsoft.EntityFrameworkCore.Metadata.Builders.EntityTypeBuilder`1<CareTrack.Domain.Entities.LoginTable>)
DA:14,0
DA:15,0
DA:16,0
DA:17,0
DA:18,0
DA:19,0
DA:20,0
DA:21,0
DA:22,0
FN:31,System.Void CareTrack.Infrastructure.Data.Configurations.PatientConfiguration::Configure(Microsoft.EntityFrameworkCore.Metadata.Builders.EntityTypeBuilder`1<CareTrack.Domain.Entities.Patient>)
FNDA:0,System.Void CareTrack.Infrastructure.Data.Configurations.PatientConfiguration::Configure(Microsoft.EntityFrameworkCore.Metadata.Builders.EntityTypeBuilder`1<CareTrack.Domain.Entities.Patient>)
DA:32,0
DA:33,0
DA:34,0
DA:35,0
DA:36,0
DA:37,0
DA:38,0
DA:39,0
DA:40,0
DA:42,0
DA:43,0
DA:44,0
DA:45,0
FN:54,System.Void CareTrack.Infrastructure.Data.Configurations.DepartmentConfiguration::Configure(Microsoft.EntityFrameworkCore.Metadata.Builders.EntityTypeBuilder`1<CareTrack.Domain.Entities.Department>)
FNDA:0,System.Void CareTrack.Infrastructure.Data.Configurations.DepartmentConfiguration::Configure(Microsoft.EntityFrameworkCore.Metadata.Builders.EntityTypeBuilder`1<CareTrack.Domain.Entities.Department>)
DA:55,0
DA:56,0
DA:57,0
DA:58,0
DA:59,0
DA:60,0
DA:61,0
DA:62,0
FN:71,System.Void CareTrack.Infrastructure.Data.Configurations.DoctorConfiguration::Configure(Microsoft.EntityFrameworkCore.Metadata.Builders.EntityTypeBuilder`1<CareTrack.Domain.Entities.Doctor>)
FNDA:0,System.Void CareTrack.Infrastructure.Data.Configurations.DoctorConfiguration::Configure(Microsoft.EntityFrameworkCore.Metadata.Builders.EntityTypeBuilder`1<CareTrack.Domain.Entities.Doctor>)
DA:72,0
DA:73,0
DA:74,0
DA:75,0
DA:76,0
DA:77,0
DA:78,0
DA:79,0
DA:80,0
DA:81,0
DA:82,0
DA:83,0
DA:84,0
DA:85,0
DA:86,0
DA:87,0
DA:88,0
DA:90,0
DA:91,0
DA:92,0
DA:94,0
DA:95,0
DA:96,0
DA:97,0
FN:106,System.Void CareTrack.Infrastructure.Data.Configurations.OtherStaffConfiguration::Configure(Microsoft.EntityFrameworkCore.Metadata.Builders.EntityTypeBuilder`1<CareTrack.Domain.Entities.OtherStaff>)
FNDA:0,System.Void CareTrack.Infrastructure.Data.Configurations.OtherStaffConfiguration::Configure(Microsoft.EntityFrameworkCore.Metadata.Builders.EntityTypeBuilder`1<CareTrack.Domain.Entities.OtherStaff>)
DA:107,0
DA:108,0
DA:109,0
DA:110,0
DA:111,0
DA:112,0
DA:113,0
DA:114,0
DA:115,0
DA:116,0
DA:117,0
FN:126,System.Void CareTrack.Infrastructure.Data.Configurations.AppointmentConfiguration::Configure(Microsoft.EntityFrameworkCore.Metadata.Builders.EntityTypeBuilder`1<CareTrack.Domain.Entities.Appointment>)
FNDA:0,System.Void CareTrack.Infrastructure.Data.Configurations.AppointmentConfiguration::Configure(Microsoft.EntityFrameworkCore.Metadata.Builders.EntityTypeBuilder`1<CareTrack.Domain.Entities.Appointment>)
DA:127,0
DA:128,0
DA:129,0
DA:130,0
DA:131,0
DA:132,0
DA:133,0
DA:134,0
DA:135,0
DA:136,0
DA:137,0
DA:139,0
DA:140,0
DA:141,0
DA:142,0
DA:144,0
DA:145,0
DA:146,0
DA:147,0
DA:148,0
LF:85
LH:0
BRF:0
BRH:0
FNF:6
FNH:0
end_of_record
SF:/modernize-data/studio-data/TNT1001/APP846949/transformed-code/149/studio-workspace/CareTrack/src/CareTrack.Domain/Interfaces/Services/IAdminService.cs
FN:28,System.Int32 CareTrack.Domain.Interfaces.Services.AdminDashboardData::get_TotalDoctors()
FNDA:0,System.Int32 CareTrack.Domain.Interfaces.Services.AdminDashboardData::get_TotalDoctors()
DA:29,0
FN:29,System.Int32 CareTrack.Domain.Interfaces.Services.AdminDashboardData::get_TotalPatients()
FNDA:0,System.Int32 CareTrack.Domain.Interfaces.Services.AdminDashboardData::get_TotalPatients()
DA:30,0
FN:30,System.Double CareTrack.Domain.Interfaces.Services.AdminDashboardData::get_TotalIncome()
FNDA:0,System.Double CareTrack.Domain.Interfaces.Services.AdminDashboardData::get_TotalIncome()
DA:31,0
FN:31,System.Collections.Generic.IEnumerable`1<CareTrack.Domain.Interfaces.Services.DepartmentStat> CareTrack.Domain.Interfaces.Services.AdminDashboardData::get_DepartmentStats()
FNDA:0,System.Collections.Generic.IEnumerable`1<CareTrack.Domain.Interfaces.Services.DepartmentStat> CareTrack.Domain.Interfaces.Services.AdminDashboardData::get_DepartmentStats()
DA:32,0
FN:32,System.Collections.Generic.IEnumerable`1<CareTrack.Domain.Interfaces.Services.AppointmentStat> CareTrack.Domain.Interfaces.Services.AdminDashboardData::get_AppointmentStats()
FNDA:0,System.Collections.Generic.IEnumerable`1<CareTrack.Domain.Interfaces.Services.AppointmentStat> CareTrack.Domain.Interfaces.Services.AdminDashboardData::get_AppointmentStats()
DA:33,0
FN:37,System.String CareTrack.Domain.Interfaces.Services.DepartmentStat::get_DeptName()
FNDA:0,System.String CareTrack.Domain.Interfaces.Services.DepartmentStat::get_DeptName()
DA:38,0
FN:38,System.Int32 CareTrack.Domain.Interfaces.Services.DepartmentStat::get_DoctorCount()
FNDA:0,System.Int32 CareTrack.Domain.Interfaces.Services.DepartmentStat::get_DoctorCount()
DA:39,0
FN:43,System.Int32 CareTrack.Domain.Interfaces.Services.AppointmentStat::get_AppointId()
FNDA:0,System.Int32 CareTrack.Domain.Interfaces.Services.AppointmentStat::get_AppointId()
DA:44,0
FN:44,System.String CareTrack.Domain.Interfaces.Services.AppointmentStat::get_PatientName()
FNDA:0,System.String CareTrack.Domain.Interfaces.Services.AppointmentStat::get_PatientName()
DA:45,0
FN:45,System.String CareTrack.Domain.Interfaces.Services.AppointmentStat::get_DoctorName()
FNDA:0,System.String CareTrack.Domain.Interfaces.Services.AppointmentStat::get_DoctorName()
DA:46,0
FN:46,System.Nullable`1<System.DateTime> CareTrack.Domain.Interfaces.Services.AppointmentStat::get_Date()
FNDA:0,System.Nullable`1<System.DateTime> CareTrack.Domain.Interfaces.Services.AppointmentStat::get_Date()
DA:47,0
FN:47,System.String CareTrack.Domain.Interfaces.Services.AppointmentStat::get_Status()
FNDA:0,System.String CareTrack.Domain.Interfaces.Services.AppointmentStat::get_Status()
DA:48,0
LF:12
LH:0
BRF:0
BRH:0
FNF:12
FNH:0
end_of_record
SF:/modernize-data/studio-data/TNT1001/APP846949/transformed-code/149/studio-workspace/CareTrack/src/CareTrack.Domain/Exceptions/DomainExceptions.cs
FN:7,System.Void CareTrack.Domain.Exceptions.NotFoundException::.ctor(System.String)
FNDA:0,System.Void CareTrack.Domain.Exceptions.NotFoundException::.ctor(System.String)
DA:8,0
FN:9,System.Void CareTrack.Domain.Exceptions.NotFoundException::.ctor(System.String,System.Object)
FNDA:0,System.Void CareTrack.Domain.Exceptions.NotFoundException::.ctor(System.String,System.Object)
DA:10,0
FN:17,System.Void CareTrack.Domain.Exceptions.ValidationException::.ctor(System.String)
FNDA:0,System.Void CareTrack.Domain.Exceptions.ValidationException::.ctor(System.String)
DA:18,0
FN:25,System.Void CareTrack.Domain.Exceptions.DuplicateEntryException::.ctor(System.String)
FNDA:0,System.Void CareTrack.Domain.Exceptions.DuplicateEntryException::.ctor(System.String)
DA:26,0
LF:4
LH:0
BRF:0
BRH:0
FNF:4
FNH:0
end_of_record
SF:/modernize-data/studio-data/TNT1001/APP846949/transformed-code/149/studio-workspace/CareTrack/src/CareTrack.Domain/Entities/Appointment.cs
FN:7,System.Int32 CareTrack.Domain.Entities.Appointment::get_AppointId()
FNDA:3,System.Int32 CareTrack.Domain.Entities.Appointment::get_AppointId()
DA:8,3
FN:8,System.Nullable`1<System.Int32> CareTrack.Domain.Entities.Appointment::get_DoctorId()
FNDA:3,System.Nullable`1<System.Int32> CareTrack.Domain.Entities.Appointment::get_DoctorId()
DA:9,3
FN:9,System.Int32 CareTrack.Domain.Entities.Appointment::get_PatientId()
FNDA:0,System.Int32 CareTrack.Domain.Entities.Appointment::get_PatientId()
DA:10,0
FN:10,System.Nullable`1<System.DateTime> CareTrack.Domain.Entities.Appointment::get_Date()
FNDA:0,System.Nullable`1<System.DateTime> CareTrack.Domain.Entities.Appointment::get_Date()
DA:11,0
FN:15,System.Int32 CareTrack.Domain.Entities.Appointment::get_AppointmentStatus()
FNDA:7,System.Int32 CareTrack.Domain.Entities.Appointment::get_AppointmentStatus()
DA:16,7
FN:17,System.Nullable`1<System.Double> CareTrack.Domain.Entities.Appointment::get_BillAmount()
FNDA:0,System.Nullable`1<System.Double> CareTrack.Domain.Entities.Appointment::get_BillAmount()
DA:18,0
FN:22,System.String CareTrack.Domain.Entities.Appointment::get_BillStatus()
FNDA:0,System.String CareTrack.Domain.Entities.Appointment::get_BillStatus()
DA:23,0
FN:27,System.Nullable`1<System.Int32> CareTrack.Domain.Entities.Appointment::get_DoctorNotification()
FNDA:0,System.Nullable`1<System.Int32> CareTrack.Domain.Entities.Appointment::get_DoctorNotification()
DA:28,0
FN:32,System.Nullable`1<System.Int32> CareTrack.Domain.Entities.Appointment::get_PatientNotification()
FNDA:1,System.Nullable`1<System.Int32> CareTrack.Domain.Entities.Appointment::get_PatientNotification()
DA:33,1
FN:37,System.Nullable`1<System.Int32> CareTrack.Domain.Entities.Appointment::get_FeedbackStatus()
FNDA:0,System.Nullable`1<System.Int32> CareTrack.Domain.Entities.Appointment::get_FeedbackStatus()
DA:38,0
FN:39,System.String CareTrack.Domain.Entities.Appointment::get_Disease()
FNDA:0,System.String CareTrack.Domain.Entities.Appointment::get_Disease()
DA:40,0
FN:40,System.String CareTrack.Domain.Entities.Appointment::get_Progress()
FNDA:0,System.String CareTrack.Domain.Entities.Appointment::get_Progress()
DA:41,0
FN:41,System.String CareTrack.Domain.Entities.Appointment::get_Prescription()
FNDA:0,System.String CareTrack.Domain.Entities.Appointment::get_Prescription()
DA:42,0
FN:44,CareTrack.Domain.Entities.Doctor CareTrack.Domain.Entities.Appointment::get_Doctor()
FNDA:0,CareTrack.Domain.Entities.Doctor CareTrack.Domain.Entities.Appointment::get_Doctor()
DA:45,0
FN:45,CareTrack.Domain.Entities.Patient CareTrack.Domain.Entities.Appointment::get_Patient()
FNDA:0,CareTrack.Domain.Entities.Patient CareTrack.Domain.Entities.Appointment::get_Patient()
DA:46,0
LF:15
LH:4
BRF:0
BRH:0
FNF:15
FNH:4
end_of_record
SF:/modernize-data/studio-data/TNT1001/APP846949/transformed-code/149/studio-workspace/CareTrack/src/CareTrack.Domain/Entities/Department.cs
FN:7,System.Int32 CareTrack.Domain.Entities.Department::get_DeptNo()
FNDA:0,System.Int32 CareTrack.Domain.Entities.Department::get_DeptNo()
DA:8,0
FN:8,System.String CareTrack.Domain.Entities.Department::get_DeptName()
FNDA:0,System.String CareTrack.Domain.Entities.Department::get_DeptName()
DA:9,0
FN:9,System.String CareTrack.Domain.Entities.Department::get_Description()
FNDA:0,System.String CareTrack.Domain.Entities.Department::get_Description()
DA:10,0
FN:12,System.Collections.Generic.ICollection`1<CareTrack.Domain.Entities.Doctor> CareTrack.Domain.Entities.Department::get_Doctors()
FNDA:0,System.Collections.Generic.ICollection`1<CareTrack.Domain.Entities.Doctor> CareTrack.Domain.Entities.Department::get_Doctors()
DA:13,0
LF:4
LH:0
BRF:0
BRH:0
FNF:4
FNH:0
end_of_record
SF:/modernize-data/studio-data/TNT1001/APP846949/transformed-code/149/studio-workspace/CareTrack/src/CareTrack.Domain/Entities/Doctor.cs
FN:7,System.Int32 CareTrack.Domain.Entities.Doctor::get_DoctorId()
FNDA:1,System.Int32 CareTrack.Domain.Entities.Doctor::get_DoctorId()
DA:8,1
FN:8,System.String CareTrack.Domain.Entities.Doctor::get_Name()
FNDA:3,System.String CareTrack.Domain.Entities.Doctor::get_Name()
DA:9,3
FN:9,System.String CareTrack.Domain.Entities.Doctor::get_Phone()
FNDA:0,System.String CareTrack.Domain.Entities.Doctor::get_Phone()
DA:10,0
FN:10,System.String CareTrack.Domain.Entities.Doctor::get_Address()
FNDA:0,System.String CareTrack.Domain.Entities.Doctor::get_Address()
DA:11,0
FN:11,System.DateTime CareTrack.Domain.Entities.Doctor::get_BirthDate()
FNDA:0,System.DateTime CareTrack.Domain.Entities.Doctor::get_BirthDate()
DA:12,0
FN:16,System.String CareTrack.Domain.Entities.Doctor::get_Gender()
FNDA:1,System.String CareTrack.Domain.Entities.Doctor::get_Gender()
DA:17,1
FN:18,System.Int32 CareTrack.Domain.Entities.Doctor::get_DeptNo()
FNDA:0,System.Int32 CareTrack.Domain.Entities.Doctor::get_DeptNo()
DA:19,0
FN:19,System.Double CareTrack.Domain.Entities.Doctor::get_ChargesPerVisit()
FNDA:0,System.Double CareTrack.Domain.Entities.Doctor::get_ChargesPerVisit()
DA:20,0
FN:20,System.Nullable`1<System.Double> CareTrack.Domain.Entities.Doctor::get_MonthlySalary()
FNDA:0,System.Nullable`1<System.Double> CareTrack.Domain.Entities.Doctor::get_MonthlySalary()
DA:21,0
FN:21,System.Nullable`1<System.Double> CareTrack.Domain.Entities.Doctor::get_ReputeIndex()
FNDA:0,System.Nullable`1<System.Double> CareTrack.Domain.Entities.Doctor::get_ReputeIndex()
DA:22,0
FN:22,System.Int32 CareTrack.Domain.Entities.Doctor::get_PatientsTreated()
FNDA:1,System.Int32 CareTrack.Domain.Entities.Doctor::get_PatientsTreated()
DA:23,1
FN:24,System.String CareTrack.Domain.Entities.Doctor::get_Qualification()
FNDA:1,System.String CareTrack.Domain.Entities.Doctor::get_Qualification()
DA:25,1
FN:25,System.String CareTrack.Domain.Entities.Doctor::get_Specialization()
FNDA:0,System.String CareTrack.Domain.Entities.Doctor::get_Specialization()
DA:26,0
FN:26,System.Nullable`1<System.Int32> CareTrack.Domain.Entities.Doctor::get_WorkExperience()
FNDA:0,System.Nullable`1<System.Int32> CareTrack.Domain.Entities.Doctor::get_WorkExperience()
DA:27,0
FN:31,System.Int32 CareTrack.Domain.Entities.Doctor::get_Status()
FNDA:1,System.Int32 CareTrack.Domain.Entities.Doctor::get_Status()
DA:32,1
FN:34,CareTrack.Domain.Entities.Department CareTrack.Domain.Entities.Doctor::get_Department()
FNDA:0,CareTrack.Domain.Entities.Department CareTrack.Domain.Entities.Doctor::get_Department()
DA:35,0
FN:35,CareTrack.Domain.Entities.LoginTable CareTrack.Domain.Entities.Doctor::get_Login()
FNDA:0,CareTrack.Domain.Entities.LoginTable CareTrack.Domain.Entities.Doctor::get_Login()
DA:36,0
FN:36,System.Collections.Generic.ICollection`1<CareTrack.Domain.Entities.Appointment> CareTrack.Domain.Entities.Doctor::get_Appointments()
FNDA:1,System.Collections.Generic.ICollection`1<CareTrack.Domain.Entities.Appointment> CareTrack.Domain.Entities.Doctor::get_Appointments()
DA:37,1
LF:18
LH:7
BRF:0
BRH:0
FNF:18
FNH:7
end_of_record
SF:/modernize-data/studio-data/TNT1001/APP846949/transformed-code/149/studio-workspace/CareTrack/src/CareTrack.Domain/Entities/LoginTable.cs
FN:7,System.Int32 CareTrack.Domain.Entities.LoginTable::get_LoginId()
FNDA:7,System.Int32 CareTrack.Domain.Entities.LoginTable::get_LoginId()
DA:8,7
FN:8,System.String CareTrack.Domain.Entities.LoginTable::get_Password()
FNDA:5,System.String CareTrack.Domain.Entities.LoginTable::get_Password()
DA:9,5
FN:9,System.String CareTrack.Domain.Entities.LoginTable::get_Email()
FNDA:6,System.String CareTrack.Domain.Entities.LoginTable::get_Email()
DA:10,6
FN:14,System.Int32 CareTrack.Domain.Entities.LoginTable::get_Type()
FNDA:4,System.Int32 CareTrack.Domain.Entities.LoginTable::get_Type()
DA:15,4
FN:17,CareTrack.Domain.Entities.Patient CareTrack.Domain.Entities.LoginTable::get_Patient()
FNDA:0,CareTrack.Domain.Entities.Patient CareTrack.Domain.Entities.LoginTable::get_Patient()
DA:18,0
FN:18,CareTrack.Domain.Entities.Doctor CareTrack.Domain.Entities.LoginTable::get_Doctor()
FNDA:0,CareTrack.Domain.Entities.Doctor CareTrack.Domain.Entities.LoginTable::get_Doctor()
DA:19,0
LF:6
LH:4
BRF:0
BRH:0
FNF:6
FNH:4
end_of_record
SF:/modernize-data/studio-data/TNT1001/APP846949/transformed-code/149/studio-workspace/CareTrack/src/CareTrack.Domain/Entities/OtherStaff.cs
FN:7,System.Int32 CareTrack.Domain.Entities.OtherStaff::get_StaffId()
FNDA:0,System.Int32 CareTrack.Domain.Entities.OtherStaff::get_StaffId()
DA:8,0
FN:8,System.String CareTrack.Domain.Entities.OtherStaff::get_Name()
FNDA:0,System.String CareTrack.Domain.Entities.OtherStaff::get_Name()
DA:9,0
FN:9,System.String CareTrack.Domain.Entities.OtherStaff::get_Phone()
FNDA:0,System.String CareTrack.Domain.Entities.OtherStaff::get_Phone()
DA:10,0
FN:10,System.String CareTrack.Domain.Entities.OtherStaff::get_Address()
FNDA:0,System.String CareTrack.Domain.Entities.OtherStaff::get_Address()
DA:11,0
FN:11,System.String CareTrack.Domain.Entities.OtherStaff::get_Designation()
FNDA:0,System.String CareTrack.Domain.Entities.OtherStaff::get_Designation()
DA:12,0
FN:12,System.String CareTrack.Domain.Entities.OtherStaff::get_Gender()
FNDA:0,System.String CareTrack.Domain.Entities.OtherStaff::get_Gender()
DA:13,0
FN:13,System.Nullable`1<System.DateTime> CareTrack.Domain.Entities.OtherStaff::get_BirthDate()
FNDA:0,System.Nullable`1<System.DateTime> CareTrack.Domain.Entities.OtherStaff::get_BirthDate()
DA:14,0
FN:14,System.String CareTrack.Domain.Entities.OtherStaff::get_HighestQualification()
FNDA:0,System.String CareTrack.Domain.Entities.OtherStaff::get_HighestQualification()
DA:15,0
FN:15,System.Nullable`1<System.Double> CareTrack.Domain.Entities.OtherStaff::get_Salary()
FNDA:0,System.Nullable`1<System.Double> CareTrack.Domain.Entities.OtherStaff::get_Salary()
DA:16,0
LF:9
LH:0
BRF:0
BRH:0
FNF:9
FNH:0
end_of_record
SF:/modernize-data/studio-data/TNT1001/APP846949/transformed-code/149/studio-workspace/CareTrack/src/CareTrack.Domain/Entities/Patient.cs
FN:7,System.Int32 CareTrack.Domain.Entities.Patient::get_PatientId()
FNDA:2,System.Int32 CareTrack.Domain.Entities.Patient::get_PatientId()
DA:8,2
FN:8,System.String CareTrack.Domain.Entities.Patient::get_Name()
FNDA:4,System.String CareTrack.Domain.Entities.Patient::get_Name()
DA:9,4
FN:9,System.String CareTrack.Domain.Entities.Patient::get_Phone()
FNDA:1,System.String CareTrack.Domain.Entities.Patient::get_Phone()
DA:10,1
FN:10,System.String CareTrack.Domain.Entities.Patient::get_Address()
FNDA:1,System.String CareTrack.Domain.Entities.Patient::get_Address()
DA:11,1
FN:11,System.DateTime CareTrack.Domain.Entities.Patient::get_BirthDate()
FNDA:1,System.DateTime CareTrack.Domain.Entities.Patient::get_BirthDate()
DA:12,1
FN:16,System.String CareTrack.Domain.Entities.Patient::get_Gender()
FNDA:3,System.String CareTrack.Domain.Entities.Patient::get_Gender()
DA:17,3
FN:19,CareTrack.Domain.Entities.LoginTable CareTrack.Domain.Entities.Patient::get_Login()
FNDA:0,CareTrack.Domain.Entities.LoginTable CareTrack.Domain.Entities.Patient::get_Login()
DA:20,0
FN:20,System.Collections.Generic.ICollection`1<CareTrack.Domain.Entities.Appointment> CareTrack.Domain.Entities.Patient::get_Appointments()
FNDA:2,System.Collections.Generic.ICollection`1<CareTrack.Domain.Entities.Appointment> CareTrack.Domain.Entities.Patient::get_Appointments()
DA:21,2
LF:8
LH:7
BRF:0
BRH:0
FNF:8
FNH:7
end_of_record
SF:/modernize-data/studio-data/TNT1001/APP846949/transformed-code/149/studio-workspace/CareTrack/src/CareTrack.Application/Services/AdminService.cs
FN:20,System.Void CareTrack.Application.Services.AdminService::.ctor(CareTrack.Domain.Interfaces.Repositories.IDoctorRepository,CareTrack.Domain.Interfaces.Repositories.IPatientRepository,CareTrack.Domain.Interfaces.Repositories.IStaffRepository,CareTrack.Domain.Interfaces.Repositories.IDepartmentRepository,CareTrack.Domain.Interfaces.Repositories.IAppointmentRepository,CareTrack.Domain.Interfaces.Repositories.IAuthRepository,Microsoft.Extensions.Logging.ILogger`1<CareTrack.Application.Services.AdminService>)
FNDA:0,System.Void CareTrack.Application.Services.AdminService::.ctor(CareTrack.Domain.Interfaces.Repositories.IDoctorRepository,CareTrack.Domain.Interfaces.Repositories.IPatientRepository,CareTrack.Domain.Interfaces.Repositories.IStaffRepository,CareTrack.Domain.Interfaces.Repositories.IDepartmentRepository,CareTrack.Domain.Interfaces.Repositories.IAppointmentRepository,CareTrack.Domain.Interfaces.Repositories.IAuthRepository,Microsoft.Extensions.Logging.ILogger`1<CareTrack.Application.Services.AdminService>)
DA:21,0
DA:22,0
DA:23,0
DA:24,0
DA:25,0
DA:26,0
DA:27,0
DA:28,0
DA:29,0
DA:30,0
DA:31,0
DA:32,0
DA:33,0
DA:34,0
DA:35,0
DA:36,0
DA:37,0
FN:61,System.Boolean CareTrack.Application.Services.AdminService/<>c::<GetDashboardDataAsync>b__8_1(CareTrack.Domain.Entities.Appointment)
FNDA:0,System.Boolean CareTrack.Application.Services.AdminService/<>c::<GetDashboardDataAsync>b__8_1(CareTrack.Domain.Entities.Appointment)
DA:62,0
BRDA:62,16,0,0
BRDA:62,16,1,0
FN:62,System.Double CareTrack.Application.Services.AdminService/<>c::<GetDashboardDataAsync>b__8_2(CareTrack.Domain.Entities.Appointment)
FNDA:0,System.Double CareTrack.Application.Services.AdminService/<>c::<GetDashboardDataAsync>b__8_2(CareTrack.Domain.Entities.Appointment)
DA:63,0
FN:65,CareTrack.Domain.Interfaces.Services.DepartmentStat CareTrack.Application.Services.AdminService/<>c__DisplayClass8_0::<GetDashboardDataAsync>b__0(CareTrack.Domain.Entities.Department)
FNDA:0,CareTrack.Domain.Interfaces.Services.DepartmentStat CareTrack.Application.Services.AdminService/<>c__DisplayClass8_0::<GetDashboardDataAsync>b__0(CareTrack.Domain.Entities.Department)
DA:66,0
DA:67,0
DA:68,0
DA:69,0
DA:70,0
FN:173,System.Void CareTrack.Application.Services.AdminService/<AddDoctorAsync>d__12::MoveNext()
FNDA:0,System.Void CareTrack.Application.Services.AdminService/<AddDoctorAsync>d__12::MoveNext()
DA:174,0
DA:176,0
DA:177,0
DA:179,0
DA:180,0
DA:181,0
DA:184,0
DA:185,0
DA:186,0
DA:187,0
DA:188,0
DA:189,0
DA:191,0
DA:192,0
DA:193,0
DA:195,0
DA:197,0
DA:198,0
DA:200,0
DA:201,0
DA:202,0
DA:203,0
DA:205,0
BRDA:179,222,0,0
BRDA:179,222,1,0
FN:210,System.Void CareTrack.Application.Services.AdminService/<AddStaffAsync>d__13::MoveNext()
FNDA:0,System.Void CareTrack.Application.Services.AdminService/<AddStaffAsync>d__13::MoveNext()
DA:211,0
DA:213,0
DA:214,0
DA:215,0
DA:216,0
DA:217,0
DA:219,0
DA:220,0
DA:221,0
DA:222,0
DA:224,0
FN:229,System.Void CareTrack.Application.Services.AdminService/<DeleteDoctorAsync>d__14::MoveNext()
FNDA:0,System.Void CareTrack.Application.Services.AdminService/<DeleteDoctorAsync>d__14::MoveNext()
DA:230,0
DA:232,0
DA:233,0
DA:234,0
DA:236,0
DA:237,0
DA:238,0
DA:239,0
DA:241,0
FN:246,System.Void CareTrack.Application.Services.AdminService/<DeleteStaffAsync>d__15::MoveNext()
FNDA:0,System.Void CareTrack.Application.Services.AdminService/<DeleteStaffAsync>d__15::MoveNext()
DA:247,0
DA:249,0
DA:250,0
DA:251,0
DA:252,0
DA:254,0
DA:255,0
DA:256,0
DA:257,0
DA:259,0
FN:42,System.Void CareTrack.Application.Services.AdminService/<GetDashboardDataAsync>d__8::MoveNext()
FNDA:0,System.Void CareTrack.Application.Services.AdminService/<GetDashboardDataAsync>d__8::MoveNext()
DA:43,0
DA:45,0
DA:46,0
DA:48,0
DA:49,0
DA:50,0
DA:52,0
DA:53,0
DA:54,0
DA:57,0
DA:58,0
DA:59,0
DA:60,0
DA:61,0
DA:64,0
DA:73,0
DA:74,0
DA:75,0
DA:76,0
DA:77,0
DA:78,0
DA:79,0
DA:80,0
DA:81,0
DA:82,0
DA:83,0
DA:84,0
DA:85,0
DA:86,0
DA:87,0
DA:88,0
DA:89,0
DA:90,0
DA:91,0
DA:92,0
DA:93,0
DA:94,0
DA:95,0
DA:97,0
DA:98,0
DA:99,0
DA:100,0
DA:101,0
DA:102,0
DA:103,0
DA:104,0
DA:106,0
DA:107,0
DA:108,0
DA:109,0
DA:111,0
BRDA:58,916,1,0
BRDA:58,916,0,0
BRDA:74,1656,1,0
BRDA:77,1591,1,0
BRDA:79,1353,0,0
BRDA:79,1353,1,0
BRDA:79,1365,0,0
BRDA:79,1365,1,0
BRDA:85,1447,1,0
BRDA:85,1447,2,0
BRDA:85,1447,3,0
BRDA:85,1447,4,0
BRDA:85,1447,0,0
BRDA:77,1591,0,0
BRDA:74,1656,0,0
FN:300,System.Void CareTrack.Application.Services.AdminService/<GetDepartmentsAsync>d__19::MoveNext()
FNDA:0,System.Void CareTrack.Application.Services.AdminService/<GetDepartmentsAsync>d__19::MoveNext()
DA:301,0
DA:303,0
DA:304,0
DA:306,0
DA:307,0
DA:308,0
DA:309,0
DA:311,0
FN:261,System.Void CareTrack.Application.Services.AdminService/<GetDoctorByIdAsync>d__16::MoveNext()
FNDA:0,System.Void CareTrack.Application.Services.AdminService/<GetDoctorByIdAsync>d__16::MoveNext()
DA:262,0
DA:264,0
DA:265,0
DA:267,0
DA:268,0
DA:269,0
DA:270,0
DA:272,0
FN:116,System.Void CareTrack.Application.Services.AdminService/<GetDoctorsAsync>d__9::MoveNext()
FNDA:0,System.Void CareTrack.Application.Services.AdminService/<GetDoctorsAsync>d__9::MoveNext()
DA:117,0
DA:119,0
DA:120,0
DA:121,0
DA:123,0
DA:125,0
DA:126,0
DA:127,0
DA:128,0
DA:130,0
BRDA:120,49,0,0
BRDA:120,49,1,0
FN:287,System.Void CareTrack.Application.Services.AdminService/<GetPatientByIdAsync>d__18::MoveNext()
FNDA:0,System.Void CareTrack.Application.Services.AdminService/<GetPatientByIdAsync>d__18::MoveNext()
DA:288,0
DA:290,0
DA:291,0
DA:293,0
DA:294,0
DA:295,0
DA:296,0
DA:298,0
FN:135,System.Void CareTrack.Application.Services.AdminService/<GetPatientsAsync>d__10::MoveNext()
FNDA:0,System.Void CareTrack.Application.Services.AdminService/<GetPatientsAsync>d__10::MoveNext()
DA:136,0
DA:138,0
DA:139,0
DA:140,0
DA:142,0
DA:144,0
DA:145,0
DA:146,0
DA:147,0
DA:149,0
BRDA:139,49,0,0
BRDA:139,49,1,0
FN:154,System.Void CareTrack.Application.Services.AdminService/<GetStaffAsync>d__11::MoveNext()
FNDA:0,System.Void CareTrack.Application.Services.AdminService/<GetStaffAsync>d__11::MoveNext()
DA:155,0
DA:157,0
DA:158,0
DA:159,0
DA:161,0
DA:163,0
DA:164,0
DA:165,0
DA:166,0
DA:168,0
BRDA:158,49,0,0
BRDA:158,49,1,0
FN:274,System.Void CareTrack.Application.Services.AdminService/<GetStaffByIdAsync>d__17::MoveNext()
FNDA:0,System.Void CareTrack.Application.Services.AdminService/<GetStaffByIdAsync>d__17::MoveNext()
DA:275,0
DA:277,0
DA:278,0
DA:280,0
DA:281,0
DA:282,0
DA:283,0
DA:285,0
LF:190
LH:0
BRF:25
BRH:0
FNF:16
FNH:0
end_of_record
SF:/modernize-data/studio-data/TNT1001/APP846949/transformed-code/149/studio-workspace/CareTrack/src/CareTrack.Application/Services/AuthService.cs
FN:16,System.Void CareTrack.Application.Services.AuthService::.ctor(CareTrack.Domain.Interfaces.Repositories.IAuthRepository,CareTrack.Domain.Interfaces.Repositories.IPatientRepository,Microsoft.Extensions.Logging.ILogger`1<CareTrack.Application.Services.AuthService>)
FNDA:5,System.Void CareTrack.Application.Services.AuthService::.ctor(CareTrack.Domain.Interfaces.Repositories.IAuthRepository,CareTrack.Domain.Interfaces.Repositories.IPatientRepository,Microsoft.Extensions.Logging.ILogger`1<CareTrack.Application.Services.AuthService>)
DA:17,5
DA:18,5
DA:19,5
DA:20,5
DA:21,5
DA:22,5
DA:23,5
DA:24,5
DA:25,5
FN:65,System.Void CareTrack.Application.Services.AuthService/<RegisterPatientAsync>d__5::MoveNext()
FNDA:2,System.Void CareTrack.Application.Services.AuthService/<RegisterPatientAsync>d__5::MoveNext()
DA:66,2
DA:68,2
DA:69,2
DA:71,2
DA:72,1
DA:73,1
DA:76,1
DA:77,0
DA:78,0
DA:82,1
DA:83,1
DA:84,1
DA:85,1
DA:86,1
DA:87,1
DA:89,1
DA:92,1
DA:93,1
DA:94,1
DA:95,1
DA:96,1
DA:97,1
DA:98,1
DA:99,1
DA:100,1
DA:102,1
DA:104,1
DA:105,1
DA:107,0
DA:108,0
DA:109,0
DA:110,0
DA:112,2
BRDA:71,222,0,1
BRDA:71,222,1,1
BRDA:76,267,0,0
BRDA:76,267,1,1
FN:31,System.Void CareTrack.Application.Services.AuthService/<ValidateLoginAsync>d__4::MoveNext()
FNDA:3,System.Void CareTrack.Application.Services.AuthService/<ValidateLoginAsync>d__4::MoveNext()
DA:32,3
DA:34,3
DA:35,3
DA:37,3
DA:38,1
DA:39,1
DA:42,2
DA:44,2
DA:45,1
DA:46,1
DA:47,1
DA:50,1
DA:51,1
DA:53,0
DA:54,0
DA:55,0
DA:56,0
DA:58,3
BRDA:37,75,0,2
BRDA:37,75,1,1
BRDA:37,93,0,1
BRDA:37,93,1,2
BRDA:44,277,0,1
BRDA:44,277,1,1
LF:60
LH:50
BRF:10
BRH:9
FNF:3
FNH:3
end_of_record
SF:/modernize-data/studio-data/TNT1001/APP846949/transformed-code/149/studio-workspace/CareTrack/src/CareTrack.Application/Services/DoctorService.cs
FN:16,System.Void CareTrack.Application.Services.DoctorService::.ctor(CareTrack.Domain.Interfaces.Repositories.IDoctorRepository,CareTrack.Domain.Interfaces.Repositories.IAppointmentRepository,Microsoft.Extensions.Logging.ILogger`1<CareTrack.Application.Services.DoctorService>)
FNDA:5,System.Void CareTrack.Application.Services.DoctorService::.ctor(CareTrack.Domain.Interfaces.Repositories.IDoctorRepository,CareTrack.Domain.Interfaces.Repositories.IAppointmentRepository,Microsoft.Extensions.Logging.ILogger`1<CareTrack.Application.Services.DoctorService>)
DA:17,5
DA:18,5
DA:19,5
DA:20,5
DA:21,5
DA:22,5
DA:23,5
DA:24,5
DA:25,5
FN:81,System.Void CareTrack.Application.Services.DoctorService/<ApproveAppointmentAsync>d__7::MoveNext()
FNDA:2,System.Void CareTrack.Application.Services.DoctorService/<ApproveAppointmentAsync>d__7::MoveNext()
DA:82,2
DA:84,2
DA:85,2
DA:87,2
DA:88,2
DA:89,1
DA:90,1
DA:91,1
DA:94,1
DA:95,1
DA:96,1
DA:98,1
DA:99,1
DA:101,0
DA:102,0
DA:103,0
DA:104,0
DA:106,2
BRDA:88,236,0,1
BRDA:88,236,1,1
FN:163,System.Void CareTrack.Application.Services.DoctorService/<GetBillableAppointmentsAsync>d__10::MoveNext()
FNDA:0,System.Void CareTrack.Application.Services.DoctorService/<GetBillableAppointmentsAsync>d__10::MoveNext()
DA:164,0
DA:166,0
DA:167,0
DA:168,0
DA:170,0
DA:171,0
DA:172,0
DA:173,0
DA:175,0
FN:30,System.Void CareTrack.Application.Services.DoctorService/<GetDoctorInfoAsync>d__4::MoveNext()
FNDA:2,System.Void CareTrack.Application.Services.DoctorService/<GetDoctorInfoAsync>d__4::MoveNext()
DA:31,2
DA:33,2
DA:34,2
DA:35,2
DA:37,0
DA:38,0
DA:39,0
DA:40,0
DA:42,2
FN:237,System.Void CareTrack.Application.Services.DoctorService/<GetPatientHistoryAsync>d__13::MoveNext()
FNDA:0,System.Void CareTrack.Application.Services.DoctorService/<GetPatientHistoryAsync>d__13::MoveNext()
DA:238,0
DA:240,0
DA:241,0
DA:242,0
DA:244,0
DA:245,0
DA:246,0
DA:247,0
DA:249,0
FN:47,System.Void CareTrack.Application.Services.DoctorService/<GetPendingAppointmentsAsync>d__5::MoveNext()
FNDA:1,System.Void CareTrack.Application.Services.DoctorService/<GetPendingAppointmentsAsync>d__5::MoveNext()
DA:48,1
DA:50,1
DA:51,1
DA:52,1
DA:54,0
DA:55,0
DA:56,0
DA:57,0
DA:59,1
FN:64,System.Void CareTrack.Application.Services.DoctorService/<GetTodaysAppointmentsAsync>d__6::MoveNext()
FNDA:0,System.Void CareTrack.Application.Services.DoctorService/<GetTodaysAppointmentsAsync>d__6::MoveNext()
DA:65,0
DA:67,0
DA:68,0
DA:69,0
DA:71,0
DA:72,0
DA:73,0
DA:74,0
DA:76,0
FN:180,System.Void CareTrack.Application.Services.DoctorService/<MarkBillPaidAsync>d__11::MoveNext()
FNDA:0,System.Void CareTrack.Application.Services.DoctorService/<MarkBillPaidAsync>d__11::MoveNext()
DA:181,0
DA:183,0
DA:184,0
DA:186,0
DA:187,0
DA:188,0
DA:189,0
DA:192,0
DA:193,0
DA:194,0
DA:195,0
DA:197,0
DA:199,0
DA:200,0
DA:201,0
DA:202,0
DA:204,0
BRDA:187,229,0,0
BRDA:187,229,1,0
BRDA:187,281,0,0
BRDA:187,281,1,0
FN:209,System.Void CareTrack.Application.Services.DoctorService/<MarkBillUnpaidAsync>d__12::MoveNext()
FNDA:0,System.Void CareTrack.Application.Services.DoctorService/<MarkBillUnpaidAsync>d__12::MoveNext()
DA:210,0
DA:212,0
DA:213,0
DA:215,0
DA:216,0
DA:217,0
DA:218,0
DA:221,0
DA:222,0
DA:223,0
DA:225,0
DA:227,0
DA:228,0
DA:229,0
DA:230,0
DA:232,0
BRDA:216,229,0,0
BRDA:216,229,1,0
BRDA:216,281,0,0
BRDA:216,281,1,0
FN:111,System.Void CareTrack.Application.Services.DoctorService/<RejectAppointmentAsync>d__8::MoveNext()
FNDA:0,System.Void CareTrack.Application.Services.DoctorService/<RejectAppointmentAsync>d__8::MoveNext()
DA:112,0
DA:114,0
DA:115,0
DA:116,0
DA:117,0
DA:118,0
DA:120,0
DA:121,0
DA:122,0
DA:123,0
DA:125,0
FN:130,System.Void CareTrack.Application.Services.DoctorService/<UpdatePrescriptionAsync>d__9::MoveNext()
FNDA:0,System.Void CareTrack.Application.Services.DoctorService/<UpdatePrescriptionAsync>d__9::MoveNext()
DA:131,0
DA:133,0
DA:134,0
DA:136,0
DA:137,0
DA:138,0
DA:139,0
DA:140,0
DA:143,0
DA:144,0
DA:145,0
DA:146,0
DA:148,0
DA:150,0
DA:151,0
DA:153,0
DA:154,0
DA:155,0
DA:156,0
DA:158,0
BRDA:137,229,0,0
BRDA:137,229,1,0
BRDA:137,281,0,0
BRDA:137,281,1,0
LF:136
LH:33
BRF:14
BRH:2
FNF:11
FNH:4
end_of_record
SF:/modernize-data/studio-data/TNT1001/APP846949/transformed-code/149/studio-workspace/CareTrack/src/CareTrack.Application/Services/PatientService.cs
FN:18,System.Void CareTrack.Application.Services.PatientService::.ctor(CareTrack.Domain.Interfaces.Repositories.IPatientRepository,CareTrack.Domain.Interfaces.Repositories.IAppointmentRepository,CareTrack.Domain.Interfaces.Repositories.IDepartmentRepository,CareTrack.Domain.Interfaces.Repositories.IDoctorRepository,Microsoft.Extensions.Logging.ILogger`1<CareTrack.Application.Services.PatientService>)
FNDA:0,System.Void CareTrack.Application.Services.PatientService::.ctor(CareTrack.Domain.Interfaces.Repositories.IPatientRepository,CareTrack.Domain.Interfaces.Repositories.IAppointmentRepository,CareTrack.Domain.Interfaces.Repositories.IDepartmentRepository,CareTrack.Domain.Interfaces.Repositories.IDoctorRepository,Microsoft.Extensions.Logging.ILogger`1<CareTrack.Application.Services.PatientService>)
DA:19,0
DA:20,0
DA:21,0
DA:22,0
DA:23,0
DA:24,0
DA:25,0
DA:26,0
DA:27,0
DA:28,0
DA:29,0
DA:30,0
DA:31,0
FN:171,System.Void CareTrack.Application.Services.PatientService/<BookAppointmentAsync>d__14::MoveNext()
FNDA:0,System.Void CareTrack.Application.Services.PatientService/<BookAppointmentAsync>d__14::MoveNext()
DA:172,0
DA:174,0
DA:175,0
DA:177,0
DA:178,0
DA:179,0
DA:180,0
DA:181,0
DA:182,0
DA:183,0
DA:184,0
DA:185,0
DA:186,0
DA:188,0
DA:190,0
DA:191,0
DA:193,0
DA:194,0
DA:195,0
DA:196,0
DA:198,0
FN:53,System.Void CareTrack.Application.Services.PatientService/<GetBillHistoryAsync>d__7::MoveNext()
FNDA:0,System.Void CareTrack.Application.Services.PatientService/<GetBillHistoryAsync>d__7::MoveNext()
DA:54,0
DA:56,0
DA:57,0
DA:58,0
DA:60,0
DA:61,0
DA:62,0
DA:63,0
DA:65,0
FN:70,System.Void CareTrack.Application.Services.PatientService/<GetCurrentAppointmentAsync>d__8::MoveNext()
FNDA:0,System.Void CareTrack.Application.Services.PatientService/<GetCurrentAppointmentAsync>d__8::MoveNext()
DA:71,0
DA:73,0
DA:74,0
DA:75,0
DA:77,0
DA:78,0
DA:79,0
DA:80,0
DA:82,0
FN:104,System.Void CareTrack.Application.Services.PatientService/<GetDepartmentsAsync>d__10::MoveNext()
FNDA:0,System.Void CareTrack.Application.Services.PatientService/<GetDepartmentsAsync>d__10::MoveNext()
DA:105,0
DA:107,0
DA:108,0
DA:110,0
DA:111,0
DA:112,0
DA:113,0
DA:115,0
FN:137,System.Void CareTrack.Application.Services.PatientService/<GetDoctorProfileAsync>d__12::MoveNext()
FNDA:0,System.Void CareTrack.Application.Services.PatientService/<GetDoctorProfileAsync>d__12::MoveNext()
DA:138,0
DA:140,0
DA:141,0
DA:142,0
DA:144,0
DA:145,0
DA:146,0
DA:147,0
DA:149,0
FN:120,System.Void CareTrack.Application.Services.PatientService/<GetDoctorsByDepartmentAsync>d__11::MoveNext()
FNDA:0,System.Void CareTrack.Application.Services.PatientService/<GetDoctorsByDepartmentAsync>d__11::MoveNext()
DA:121,0
DA:123,0
DA:124,0
DA:125,0
DA:127,0
DA:128,0
DA:129,0
DA:130,0
DA:132,0
FN:154,System.Void CareTrack.Application.Services.PatientService/<GetFreeSlotsAsync>d__13::MoveNext()
FNDA:0,System.Void CareTrack.Application.Services.PatientService/<GetFreeSlotsAsync>d__13::MoveNext()
DA:155,0
DA:157,0
DA:158,0
DA:159,0
DA:161,0
DA:162,0
DA:163,0
DA:164,0
DA:166,0
FN:203,System.Void CareTrack.Application.Services.PatientService/<GetNotificationAsync>d__15::MoveNext()
FNDA:0,System.Void CareTrack.Application.Services.PatientService/<GetNotificationAsync>d__15::MoveNext()
DA:204,0
DA:206,0
DA:207,0
DA:208,0
DA:210,0
DA:211,0
DA:212,0
DA:213,0
DA:215,0
FN:36,System.Void CareTrack.Application.Services.PatientService/<GetPatientInfoAsync>d__6::MoveNext()
FNDA:0,System.Void CareTrack.Application.Services.PatientService/<GetPatientInfoAsync>d__6::MoveNext()
DA:37,0
DA:39,0
DA:40,0
DA:41,0
DA:43,0
DA:44,0
DA:45,0
DA:46,0
DA:48,0
FN:220,System.Void CareTrack.Application.Services.PatientService/<GetPendingFeedbackAsync>d__16::MoveNext()
FNDA:0,System.Void CareTrack.Application.Services.PatientService/<GetPendingFeedbackAsync>d__16::MoveNext()
DA:221,0
DA:223,0
DA:224,0
DA:225,0
DA:227,0
DA:228,0
DA:229,0
DA:230,0
DA:232,0
FN:87,System.Void CareTrack.Application.Services.PatientService/<GetTreatmentHistoryAsync>d__9::MoveNext()
FNDA:0,System.Void CareTrack.Application.Services.PatientService/<GetTreatmentHistoryAsync>d__9::MoveNext()
DA:88,0
DA:90,0
DA:91,0
DA:92,0
DA:94,0
DA:95,0
DA:96,0
DA:97,0
DA:99,0
FN:237,System.Void CareTrack.Application.Services.PatientService/<SubmitFeedbackAsync>d__17::MoveNext()
FNDA:0,System.Void CareTrack.Application.Services.PatientService/<SubmitFeedbackAsync>d__17::MoveNext()
DA:238,0
DA:240,0
DA:241,0
DA:243,0
DA:244,0
DA:245,0
DA:246,0
DA:247,0
DA:250,0
DA:251,0
DA:253,0
DA:254,0
DA:256,0
DA:257,0
DA:258,0
DA:259,0
DA:261,0
BRDA:244,236,0,0
BRDA:244,236,1,0
LF:140
LH:0
BRF:2
BRH:0
FNF:13
FNH:0
end_of_record
SF:/modernize-data/studio-data/TNT1001/APP846949/transformed-code/149/studio-workspace/CareTrack/src/CareTrack.Application/Extensions/ServiceCollectionExtensions.cs
FN:15,Microsoft.Extensions.DependencyInjection.IServiceCollection CareTrack.Application.Extensions.ServiceCollectionExtensions::AddApplicationServices(Microsoft.Extensions.DependencyInjection.IServiceCollection)
FNDA:0,Microsoft.Extensions.DependencyInjection.IServiceCollection CareTrack.Application.Extensions.ServiceCollectionExtensions::AddApplicationServices(Microsoft.Extensions.DependencyInjection.IServiceCollection)
DA:16,0
DA:17,0
DA:18,0
DA:19,0
DA:20,0
DA:22,0
DA:23,0
LF:7
LH:0
BRF:0
BRH:0
FNF:1
FNH:0
end_of_record
SF:/modernize-data/studio-data/TNT1001/APP846949/transformed-code/149/studio-workspace/CareTrack/src/CareTrack.Application/DTOs/AppointmentDto.cs
FN:7,System.Int32 CareTrack.Application.DTOs.AppointmentDto::get_AppointId()
FNDA:0,System.Int32 CareTrack.Application.DTOs.AppointmentDto::get_AppointId()
DA:8,0
FN:8,System.Nullable`1<System.Int32> CareTrack.Application.DTOs.AppointmentDto::get_DoctorId()
FNDA:0,System.Nullable`1<System.Int32> CareTrack.Application.DTOs.AppointmentDto::get_DoctorId()
DA:9,0
FN:9,System.String CareTrack.Application.DTOs.AppointmentDto::get_DoctorName()
FNDA:0,System.String CareTrack.Application.DTOs.AppointmentDto::get_DoctorName()
DA:10,0
FN:10,System.Int32 CareTrack.Application.DTOs.AppointmentDto::get_PatientId()
FNDA:0,System.Int32 CareTrack.Application.DTOs.AppointmentDto::get_PatientId()
DA:11,0
FN:11,System.String CareTrack.Application.DTOs.AppointmentDto::get_PatientName()
FNDA:0,System.String CareTrack.Application.DTOs.AppointmentDto::get_PatientName()
DA:12,0
FN:12,System.Nullable`1<System.DateTime> CareTrack.Application.DTOs.AppointmentDto::get_Date()
FNDA:0,System.Nullable`1<System.DateTime> CareTrack.Application.DTOs.AppointmentDto::get_Date()
DA:13,0
FN:13,System.String CareTrack.Application.DTOs.AppointmentDto::get_Timings()
FNDA:0,System.String CareTrack.Application.DTOs.AppointmentDto::get_Timings()
DA:14,0
FN:14,System.Int32 CareTrack.Application.DTOs.AppointmentDto::get_AppointmentStatus()
FNDA:0,System.Int32 CareTrack.Application.DTOs.AppointmentDto::get_AppointmentStatus()
DA:15,0
FN:15,System.String CareTrack.Application.DTOs.AppointmentDto::get_AppointmentStatusText()
FNDA:0,System.String CareTrack.Application.DTOs.AppointmentDto::get_AppointmentStatusText()
DA:16,0
FN:16,System.Nullable`1<System.Double> CareTrack.Application.DTOs.AppointmentDto::get_BillAmount()
FNDA:0,System.Nullable`1<System.Double> CareTrack.Application.DTOs.AppointmentDto::get_BillAmount()
DA:17,0
FN:17,System.String CareTrack.Application.DTOs.AppointmentDto::get_BillStatus()
FNDA:0,System.String CareTrack.Application.DTOs.AppointmentDto::get_BillStatus()
DA:18,0
FN:18,System.String CareTrack.Application.DTOs.AppointmentDto::get_Disease()
FNDA:0,System.String CareTrack.Application.DTOs.AppointmentDto::get_Disease()
DA:19,0
FN:19,System.String CareTrack.Application.DTOs.AppointmentDto::get_Progress()
FNDA:0,System.String CareTrack.Application.DTOs.AppointmentDto::get_Progress()
DA:20,0
FN:20,System.String CareTrack.Application.DTOs.AppointmentDto::get_Prescription()
FNDA:0,System.String CareTrack.Application.DTOs.AppointmentDto::get_Prescription()
DA:21,0
FN:21,System.Nullable`1<System.Int32> CareTrack.Application.DTOs.AppointmentDto::get_FeedbackStatus()
FNDA:0,System.Nullable`1<System.Int32> CareTrack.Application.DTOs.AppointmentDto::get_FeedbackStatus()
DA:22,0
FN:22,System.Nullable`1<System.Int32> CareTrack.Application.DTOs.AppointmentDto::get_PatientNotification()
FNDA:0,System.Nullable`1<System.Int32> CareTrack.Application.DTOs.AppointmentDto::get_PatientNotification()
DA:23,0
FN:30,System.Int32 CareTrack.Application.DTOs.AppointmentCreateDto::get_DoctorId()
FNDA:0,System.Int32 CareTrack.Application.DTOs.AppointmentCreateDto::get_DoctorId()
DA:31,0
FN:31,System.Int32 CareTrack.Application.DTOs.AppointmentCreateDto::get_PatientId()
FNDA:0,System.Int32 CareTrack.Application.DTOs.AppointmentCreateDto::get_PatientId()
DA:32,0
FN:32,System.Int32 CareTrack.Application.DTOs.AppointmentCreateDto::get_FreeSlotId()
FNDA:0,System.Int32 CareTrack.Application.DTOs.AppointmentCreateDto::get_FreeSlotId()
DA:33,0
FN:40,System.Int32 CareTrack.Application.DTOs.PrescriptionUpdateDto::get_DoctorId()
FNDA:0,System.Int32 CareTrack.Application.DTOs.PrescriptionUpdateDto::get_DoctorId()
DA:41,0
FN:41,System.Int32 CareTrack.Application.DTOs.PrescriptionUpdateDto::get_AppointmentId()
FNDA:0,System.Int32 CareTrack.Application.DTOs.PrescriptionUpdateDto::get_AppointmentId()
DA:42,0
FN:42,System.String CareTrack.Application.DTOs.PrescriptionUpdateDto::get_Disease()
FNDA:0,System.String CareTrack.Application.DTOs.PrescriptionUpdateDto::get_Disease()
DA:43,0
FN:43,System.String CareTrack.Application.DTOs.PrescriptionUpdateDto::get_Progress()
FNDA:0,System.String CareTrack.Application.DTOs.PrescriptionUpdateDto::get_Progress()
DA:44,0
FN:44,System.String CareTrack.Application.DTOs.PrescriptionUpdateDto::get_Prescription()
FNDA:0,System.String CareTrack.Application.DTOs.PrescriptionUpdateDto::get_Prescription()
DA:45,0
LF:24
LH:0
BRF:0
BRH:0
FNF:24
FNH:0
end_of_record
SF:/modernize-data/studio-data/TNT1001/APP846949/transformed-code/149/studio-workspace/CareTrack/src/CareTrack.Application/DTOs/DoctorDto.cs
FN:7,System.Int32 CareTrack.Application.DTOs.DoctorDto::get_DoctorId()
FNDA:0,System.Int32 CareTrack.Application.DTOs.DoctorDto::get_DoctorId()
DA:8,0
FN:8,System.String CareTrack.Application.DTOs.DoctorDto::get_Name()
FNDA:0,System.String CareTrack.Application.DTOs.DoctorDto::get_Name()
DA:9,0
FN:9,System.String CareTrack.Application.DTOs.DoctorDto::get_Phone()
FNDA:0,System.String CareTrack.Application.DTOs.DoctorDto::get_Phone()
DA:10,0
FN:10,System.String CareTrack.Application.DTOs.DoctorDto::get_Address()
FNDA:0,System.String CareTrack.Application.DTOs.DoctorDto::get_Address()
DA:11,0
FN:11,System.String CareTrack.Application.DTOs.DoctorDto::get_Gender()
FNDA:0,System.String CareTrack.Application.DTOs.DoctorDto::get_Gender()
DA:12,0
FN:12,System.String CareTrack.Application.DTOs.DoctorDto::get_DepartmentName()
FNDA:0,System.String CareTrack.Application.DTOs.DoctorDto::get_DepartmentName()
DA:13,0
FN:13,System.Double CareTrack.Application.DTOs.DoctorDto::get_ChargesPerVisit()
FNDA:0,System.Double CareTrack.Application.DTOs.DoctorDto::get_ChargesPerVisit()
DA:14,0
FN:14,System.Nullable`1<System.Double> CareTrack.Application.DTOs.DoctorDto::get_ReputeIndex()
FNDA:0,System.Nullable`1<System.Double> CareTrack.Application.DTOs.DoctorDto::get_ReputeIndex()
DA:15,0
FN:15,System.Int32 CareTrack.Application.DTOs.DoctorDto::get_PatientsTreated()
FNDA:0,System.Int32 CareTrack.Application.DTOs.DoctorDto::get_PatientsTreated()
DA:16,0
FN:16,System.String CareTrack.Application.DTOs.DoctorDto::get_Qualification()
FNDA:0,System.String CareTrack.Application.DTOs.DoctorDto::get_Qualification()
DA:17,0
FN:17,System.String CareTrack.Application.DTOs.DoctorDto::get_Specialization()
FNDA:0,System.String CareTrack.Application.DTOs.DoctorDto::get_Specialization()
DA:18,0
FN:18,System.Nullable`1<System.Int32> CareTrack.Application.DTOs.DoctorDto::get_WorkExperience()
FNDA:0,System.Nullable`1<System.Int32> CareTrack.Application.DTOs.DoctorDto::get_WorkExperience()
DA:19,0
FN:19,System.Int32 CareTrack.Application.DTOs.DoctorDto::get_Age()
FNDA:0,System.Int32 CareTrack.Application.DTOs.DoctorDto::get_Age()
DA:20,0
FN:20,System.Int32 CareTrack.Application.DTOs.DoctorDto::get_Status()
FNDA:0,System.Int32 CareTrack.Application.DTOs.DoctorDto::get_Status()
DA:21,0
FN:28,System.String CareTrack.Application.DTOs.DoctorCreateDto::get_Name()
FNDA:0,System.String CareTrack.Application.DTOs.DoctorCreateDto::get_Name()
DA:29,0
FN:29,System.String CareTrack.Application.DTOs.DoctorCreateDto::get_Email()
FNDA:0,System.String CareTrack.Application.DTOs.DoctorCreateDto::get_Email()
DA:30,0
FN:30,System.String CareTrack.Application.DTOs.DoctorCreateDto::get_Password()
FNDA:0,System.String CareTrack.Application.DTOs.DoctorCreateDto::get_Password()
DA:31,0
FN:31,System.String CareTrack.Application.DTOs.DoctorCreateDto::get_BirthDate()
FNDA:0,System.String CareTrack.Application.DTOs.DoctorCreateDto::get_BirthDate()
DA:32,0
FN:32,System.Int32 CareTrack.Application.DTOs.DoctorCreateDto::get_DeptNo()
FNDA:0,System.Int32 CareTrack.Application.DTOs.DoctorCreateDto::get_DeptNo()
DA:33,0
FN:33,System.String CareTrack.Application.DTOs.DoctorCreateDto::get_Phone()
FNDA:0,System.String CareTrack.Application.DTOs.DoctorCreateDto::get_Phone()
DA:34,0
FN:34,System.String CareTrack.Application.DTOs.DoctorCreateDto::get_Gender()
FNDA:0,System.String CareTrack.Application.DTOs.DoctorCreateDto::get_Gender()
DA:35,0
FN:35,System.String CareTrack.Application.DTOs.DoctorCreateDto::get_Address()
FNDA:0,System.String CareTrack.Application.DTOs.DoctorCreateDto::get_Address()
DA:36,0
FN:36,System.Int32 CareTrack.Application.DTOs.DoctorCreateDto::get_WorkExperience()
FNDA:0,System.Int32 CareTrack.Application.DTOs.DoctorCreateDto::get_WorkExperience()
DA:37,0
FN:37,System.Double CareTrack.Application.DTOs.DoctorCreateDto::get_MonthlySalary()
FNDA:0,System.Double CareTrack.Application.DTOs.DoctorCreateDto::get_MonthlySalary()
DA:38,0
FN:38,System.Double CareTrack.Application.DTOs.DoctorCreateDto::get_ChargesPerVisit()
FNDA:0,System.Double CareTrack.Application.DTOs.DoctorCreateDto::get_ChargesPerVisit()
DA:39,0
FN:39,System.String CareTrack.Application.DTOs.DoctorCreateDto::get_Specialization()
FNDA:0,System.String CareTrack.Application.DTOs.DoctorCreateDto::get_Specialization()
DA:40,0
FN:40,System.String CareTrack.Application.DTOs.DoctorCreateDto::get_Qualification()
FNDA:0,System.String CareTrack.Application.DTOs.DoctorCreateDto::get_Qualification()
DA:41,0
LF:27
LH:0
BRF:0
BRH:0
FNF:27
FNH:0
end_of_record
SF:/modernize-data/studio-data/TNT1001/APP846949/transformed-code/149/studio-workspace/CareTrack/src/CareTrack.Application/DTOs/PatientDto.cs
FN:7,System.Int32 CareTrack.Application.DTOs.PatientDto::get_PatientId()
FNDA:0,System.Int32 CareTrack.Application.DTOs.PatientDto::get_PatientId()
DA:8,0
FN:8,System.String CareTrack.Application.DTOs.PatientDto::get_Name()
FNDA:0,System.String CareTrack.Application.DTOs.PatientDto::get_Name()
DA:9,0
FN:9,System.String CareTrack.Application.DTOs.PatientDto::get_Phone()
FNDA:0,System.String CareTrack.Application.DTOs.PatientDto::get_Phone()
DA:10,0
FN:10,System.String CareTrack.Application.DTOs.PatientDto::get_Address()
FNDA:0,System.String CareTrack.Application.DTOs.PatientDto::get_Address()
DA:11,0
FN:11,System.String CareTrack.Application.DTOs.PatientDto::get_BirthDate()
FNDA:0,System.String CareTrack.Application.DTOs.PatientDto::get_BirthDate()
DA:12,0
FN:12,System.Int32 CareTrack.Application.DTOs.PatientDto::get_Age()
FNDA:0,System.Int32 CareTrack.Application.DTOs.PatientDto::get_Age()
DA:13,0
FN:13,System.String CareTrack.Application.DTOs.PatientDto::get_Gender()
FNDA:0,System.String CareTrack.Application.DTOs.PatientDto::get_Gender()
DA:14,0
FN:21,System.String CareTrack.Application.DTOs.PatientCreateDto::get_Name()
FNDA:0,System.String CareTrack.Application.DTOs.PatientCreateDto::get_Name()
DA:22,0
FN:22,System.String CareTrack.Application.DTOs.PatientCreateDto::get_BirthDate()
FNDA:0,System.String CareTrack.Application.DTOs.PatientCreateDto::get_BirthDate()
DA:23,0
FN:23,System.String CareTrack.Application.DTOs.PatientCreateDto::get_Email()
FNDA:0,System.String CareTrack.Application.DTOs.PatientCreateDto::get_Email()
DA:24,0
FN:24,System.String CareTrack.Application.DTOs.PatientCreateDto::get_Password()
FNDA:0,System.String CareTrack.Application.DTOs.PatientCreateDto::get_Password()
DA:25,0
FN:25,System.String CareTrack.Application.DTOs.PatientCreateDto::get_Phone()
FNDA:0,System.String CareTrack.Application.DTOs.PatientCreateDto::get_Phone()
DA:26,0
FN:26,System.String CareTrack.Application.DTOs.PatientCreateDto::get_Gender()
FNDA:0,System.String CareTrack.Application.DTOs.PatientCreateDto::get_Gender()
DA:27,0
FN:27,System.String CareTrack.Application.DTOs.PatientCreateDto::get_Address()
FNDA:0,System.String CareTrack.Application.DTOs.PatientCreateDto::get_Address()
DA:28,0
LF:14
LH:0
BRF:0
BRH:0
FNF:14
FNH:0
end_of_record
SF:/modernize-data/studio-data/TNT1001/APP846949/transformed-code/149/studio-workspace/CareTrack/src/CareTrack.Application/DTOs/StaffDto.cs
FN:7,System.Int32 CareTrack.Application.DTOs.StaffDto::get_StaffId()
FNDA:0,System.Int32 CareTrack.Application.DTOs.StaffDto::get_StaffId()
DA:8,0
FN:8,System.String CareTrack.Application.DTOs.StaffDto::get_Name()
FNDA:0,System.String CareTrack.Application.DTOs.StaffDto::get_Name()
DA:9,0
FN:9,System.String CareTrack.Application.DTOs.StaffDto::get_Phone()
FNDA:0,System.String CareTrack.Application.DTOs.StaffDto::get_Phone()
DA:10,0
FN:10,System.String CareTrack.Application.DTOs.StaffDto::get_Address()
FNDA:0,System.String CareTrack.Application.DTOs.StaffDto::get_Address()
DA:11,0
FN:11,System.String CareTrack.Application.DTOs.StaffDto::get_Designation()
FNDA:0,System.String CareTrack.Application.DTOs.StaffDto::get_Designation()
DA:12,0
FN:12,System.String CareTrack.Application.DTOs.StaffDto::get_Gender()
FNDA:0,System.String CareTrack.Application.DTOs.StaffDto::get_Gender()
DA:13,0
FN:13,System.Nullable`1<System.Double> CareTrack.Application.DTOs.StaffDto::get_Salary()
FNDA:0,System.Nullable`1<System.Double> CareTrack.Application.DTOs.StaffDto::get_Salary()
DA:14,0
FN:21,System.String CareTrack.Application.DTOs.StaffCreateDto::get_Name()
FNDA:0,System.String CareTrack.Application.DTOs.StaffCreateDto::get_Name()
DA:22,0
FN:22,System.String CareTrack.Application.DTOs.StaffCreateDto::get_BirthDate()
FNDA:0,System.String CareTrack.Application.DTOs.StaffCreateDto::get_BirthDate()
DA:23,0
FN:23,System.String CareTrack.Application.DTOs.StaffCreateDto::get_Phone()
FNDA:0,System.String CareTrack.Application.DTOs.StaffCreateDto::get_Phone()
DA:24,0
FN:24,System.String CareTrack.Application.DTOs.StaffCreateDto::get_Gender()
FNDA:0,System.String CareTrack.Application.DTOs.StaffCreateDto::get_Gender()
DA:25,0
FN:25,System.String CareTrack.Application.DTOs.StaffCreateDto::get_Address()
FNDA:0,System.String CareTrack.Application.DTOs.StaffCreateDto::get_Address()
DA:26,0
FN:26,System.Double CareTrack.Application.DTOs.StaffCreateDto::get_Salary()
FNDA:0,System.Double CareTrack.Application.DTOs.StaffCreateDto::get_Salary()
DA:27,0
FN:27,System.String CareTrack.Application.DTOs.StaffCreateDto::get_Qualification()
FNDA:0,System.String CareTrack.Application.DTOs.StaffCreateDto::get_Qualification()
DA:28,0
FN:28,System.String CareTrack.Application.DTOs.StaffCreateDto::get_Designation()
FNDA:0,System.String CareTrack.Application.DTOs.StaffCreateDto::get_Designation()
DA:29,0
FN:36,System.Int32 CareTrack.Application.DTOs.DepartmentDto::get_DeptNo()
FNDA:0,System.Int32 CareTrack.Application.DTOs.DepartmentDto::get_DeptNo()
DA:37,0
FN:37,System.String CareTrack.Application.DTOs.DepartmentDto::get_DeptName()
FNDA:0,System.String CareTrack.Application.DTOs.DepartmentDto::get_DeptName()
DA:38,0
FN:38,System.String CareTrack.Application.DTOs.DepartmentDto::get_Description()
FNDA:0,System.String CareTrack.Application.DTOs.DepartmentDto::get_Description()
DA:39,0
FN:39,System.Int32 CareTrack.Application.DTOs.DepartmentDto::get_DoctorCount()
FNDA:0,System.Int32 CareTrack.Application.DTOs.DepartmentDto::get_DoctorCount()
DA:40,0
LF:19
LH:0
BRF:0
BRH:0
FNF:19
FNH:0
end_of_record